SF:lib/core/network/api_client.dart
DA:30,4
DA:38,2
DA:39,2
DA:40,2
DA:41,2
DA:42,2
DA:43,2
DA:44,2
DA:53,4
DA:55,1
DA:56,4
DA:65,7
DA:76,12
DA:88,2
DA:97,1
DA:98,1
DA:99,1
DA:100,3
DA:101,1
DA:102,2
DA:103,1
DA:104,1
DA:113,1
DA:124,4
DA:130,4
DA:131,4
DA:132,4
DA:138,6
DA:139,6
DA:140,2
DA:142,0
DA:143,0
DA:148,0
DA:149,0
DA:150,0
DA:151,0
DA:153,0
DA:154,0
DA:158,2
DA:159,2
DA:161,2
DA:162,2
DA:164,2
DA:166,2
DA:167,6
DA:173,2
DA:182,4
DA:184,2
DA:186,2
DA:192,2
DA:193,4
DA:196,3
DA:197,1
DA:199,1
DA:211,4
DA:212,4
DA:214,4
DA:217,3
DA:218,1
DA:219,1
DA:220,1
DA:226,1
DA:230,2
DA:233,1
DA:235,1
DA:237,1
DA:246,1
DA:247,4
DA:248,2
DA:249,2
DA:253,1
DA:254,4
DA:255,1
DA:257,1
DA:260,1
DA:262,2
DA:264,0
DA:268,2
DA:270,1
DA:271,1
DA:273,1
DA:275,1
DA:278,1
DA:281,1
DA:282,2
DA:284,1
DA:286,2
DA:288,2
DA:292,0
DA:295,0
DA:302,2
DA:307,2
DA:313,2
DA:314,4
DA:317,0
DA:322,0
DA:328,0
DA:329,0
DA:330,0
DA:331,0
DA:333,0
DA:334,0
DA:338,1
DA:343,1
DA:344,1
DA:345,2
DA:348,0
DA:352,0
DA:353,0
DA:354,0
DA:357,0
DA:361,0
DA:362,0
DA:363,0
DA:366,0
DA:370,0
DA:371,0
DA:373,0
DA:374,0
DA:375,0
DA:377,0
DA:378,0
DA:382,0
DA:383,0
DA:384,0
DA:385,0
DA:388,0
DA:390,0
DA:391,0
DA:394,0
DA:396,0
DA:399,1
DA:400,1
DA:401,1
DA:403,1
DA:404,1
DA:406,1
DA:407,1
DA:418,1
DA:421,0
DA:426,0
DA:429,0
DA:432,0
DA:435,1
DA:436,1
DA:437,1
DA:438,0
DA:441,1
DA:442,4
DA:444,1
DA:446,1
DA:447,3
DA:448,0
DA:449,0
DA:450,2
DA:452,0
DA:458,1
DA:459,3
DA:461,3
DA:462,3
DA:465,1
DA:466,2
DA:468,1
DA:471,1
DA:472,0
DA:475,1
DA:476,1
DA:479,1
DA:480,2
DA:481,2
DA:482,2
DA:484,0
DA:488,0
DA:495,0
DA:498,0
DA:499,0
DA:500,0
DA:504,0
DA:505,0
DA:507,0
DA:508,0
DA:509,0
DA:515,0
DA:518,0
DA:521,0
DA:522,0
DA:523,0
DA:524,0
DA:525,0
DA:526,0
DA:527,0
DA:528,0
DA:530,0
DA:533,0
DA:535,0
DA:537,0
DA:546,0
DA:552,0
DA:556,0
DA:557,0
DA:562,0
DA:563,0
DA:564,0
DA:565,0
DA:567,0
DA:572,0
DA:573,0
DA:578,0
DA:579,0
LF:209
LH:118
end_of_record
SF:lib/core/storage/attendance_store.dart
DA:6,1
DA:10,1
DA:14,3
DA:17,1
DA:22,2
DA:23,1
DA:29,0
DA:30,0
DA:33,0
DA:37,0
DA:38,0
DA:44,0
DA:45,0
DA:46,0
DA:49,0
DA:50,0
DA:51,0
DA:52,0
DA:57,0
DA:62,0
DA:65,0
DA:71,0
DA:72,0
DA:78,0
DA:79,0
DA:82,0
DA:86,0
DA:89,1
DA:90,3
DA:93,0
DA:94,0
DA:97,1
DA:98,1
DA:101,0
DA:102,0
DA:105,0
DA:106,0
DA:109,0
DA:110,0
DA:113,0
DA:114,0
LF:41
LH:10
end_of_record
SF:lib/core/storage/cache_store.dart
DA:33,3
DA:34,3
DA:35,3
DA:38,3
DA:41,3
DA:43,2
DA:44,2
DA:45,2
DA:46,6
DA:49,4
DA:52,4
DA:56,2
DA:57,2
DA:58,2
DA:62,3
DA:67,3
DA:68,9
DA:70,3
DA:72,3
DA:74,3
DA:83,1
DA:84,1
DA:85,2
DA:89,2
DA:90,2
DA:91,2
DA:94,4
DA:99,0
DA:100,0
DA:101,0
DA:105,1
DA:106,1
DA:107,3
DA:108,1
DA:110,1
LF:35
LH:32
end_of_record
SF:lib/core/storage/documents_store.dart
DA:8,1
DA:9,1
DA:10,1
DA:13,1
DA:16,2
DA:18,2
DA:19,2
DA:21,1
DA:24,1
DA:28,1
DA:29,1
DA:30,3
DA:32,1
DA:35,1
DA:38,2
DA:39,1
DA:41,1
DA:43,1
DA:44,1
DA:45,1
DA:53,1
DA:54,1
DA:57,1
DA:58,1
DA:59,3
DA:60,1
DA:62,1
DA:67,1
DA:71,1
DA:72,1
DA:73,1
DA:76,1
DA:80,1
DA:81,3
DA:83,1
DA:86,1
DA:90,1
DA:91,1
DA:92,3
DA:93,1
DA:96,1
DA:98,2
DA:99,1
DA:101,1
DA:103,1
DA:104,1
DA:110,1
DA:113,1
DA:114,1
DA:115,1
DA:118,1
DA:121,2
DA:123,2
DA:124,2
DA:126,1
DA:129,1
DA:133,1
DA:134,1
DA:135,3
DA:137,1
DA:140,1
DA:143,2
DA:144,1
DA:146,1
DA:148,1
DA:149,1
DA:150,1
DA:158,1
DA:159,1
DA:162,1
DA:163,1
DA:164,3
DA:165,1
DA:167,1
DA:172,1
DA:176,1
DA:177,1
DA:184,1
DA:186,0
DA:187,0
DA:188,0
DA:190,0
DA:195,1
DA:196,1
DA:203,1
DA:205,0
DA:206,0
DA:207,0
DA:209,0
LF:89
LH:81
end_of_record
SF:lib/core/storage/events_store.dart
DA:8,0
DA:9,0
DA:10,0
DA:13,0
DA:17,0
DA:18,0
DA:20,0
DA:23,1
DA:27,1
DA:28,1
DA:29,3
DA:31,1
DA:34,1
DA:37,2
DA:38,1
DA:40,1
DA:42,1
DA:43,1
DA:44,1
DA:51,1
DA:52,1
DA:55,1
DA:56,1
DA:63,1
DA:65,5
DA:66,3
DA:67,1
DA:69,1
LF:28
LH:21
end_of_record
SF:lib/core/storage/notifications_store.dart
DA:10,1
DA:11,1
DA:12,1
DA:18,1
DA:19,3
DA:21,1
DA:24,1
DA:25,1
DA:26,1
DA:27,3
DA:29,1
DA:30,2
DA:31,1
DA:33,1
DA:34,1
DA:35,1
DA:42,1
DA:45,0
DA:46,0
DA:47,0
DA:48,0
DA:50,0
DA:51,0
DA:52,0
DA:58,0
DA:61,0
DA:62,0
DA:63,0
DA:66,0
DA:70,0
DA:71,0
DA:73,0
DA:77,0
DA:79,0
DA:80,0
DA:81,0
DA:83,0
LF:37
LH:17
end_of_record
SF:lib/core/storage/reports_store.dart
DA:10,1
DA:11,1
DA:12,1
DA:17,2
DA:19,2
DA:20,2
DA:22,1
DA:25,1
DA:26,1
DA:27,1
DA:30,1
DA:33,1
DA:35,3
DA:36,3
DA:40,1
DA:44,1
DA:45,3
DA:46,1
DA:48,1
DA:49,1
DA:50,1
DA:51,0
DA:57,1
DA:60,1
DA:61,1
DA:63,1
DA:67,1
DA:69,5
DA:70,3
DA:71,1
DA:73,1
LF:31
LH:30
end_of_record
SF:lib/domain/entities/academic/gradebook.dart
DA:7,1
DA:23,1
DA:39,1
DA:52,2
DA:63,2
DA:73,0
DA:84,0
DA:100,0
DA:119,0
DA:134,0
DA:147,0
DA:161,0
LF:12
LH:5
end_of_record
SF:lib/features/auth/biometric_service.dart
DA:30,1
DA:32,2
DA:33,0
DA:35,0
DA:36,0
DA:37,0
DA:45,0
DA:47,0
DA:48,0
DA:49,0
DA:54,0
DA:55,0
DA:56,0
DA:60,0
DA:61,0
DA:68,0
DA:71,2
DA:75,0
DA:78,0
DA:81,0
DA:90,0
DA:91,0
DA:93,0
DA:94,0
DA:95,0
DA:101,0
DA:102,0
DA:103,0
DA:104,0
DA:112,0
DA:113,0
DA:114,0
LF:32
LH:3
end_of_record
SF:lib/core/storage/secure_storage.dart
DA:18,3
DA:27,0
DA:28,0
DA:32,0
DA:33,0
DA:37,0
DA:38,0
DA:42,0
DA:43,0
DA:47,0
DA:48,0
DA:49,0
DA:53,0
DA:54,0
DA:58,0
DA:59,0
DA:63,0
DA:64,0
DA:68,0
DA:69,0
LF:20
LH:1
end_of_record
SF:lib/data/repositories_impl/communication/notification_repository_impl.dart
DA:17,2
DA:25,2
DA:32,2
DA:34,4
DA:36,0
DA:37,0
DA:42,2
DA:43,0
DA:44,0
DA:45,0
DA:48,4
DA:49,3
DA:52,3
DA:55,1
DA:56,3
DA:57,1
DA:58,1
DA:60,1
DA:62,2
DA:63,1
DA:64,2
DA:72,1
DA:74,1
DA:75,3
DA:76,2
DA:78,1
DA:79,3
DA:80,1
DA:82,1
DA:83,3
DA:87,1
DA:88,2
DA:89,2
DA:92,0
DA:94,0
DA:95,0
DA:96,0
DA:99,1
DA:101,2
DA:102,2
DA:105,0
DA:107,0
DA:108,0
DA:109,0
DA:110,0
DA:113,0
DA:117,0
DA:119,0
DA:121,0
DA:122,0
DA:123,0
DA:124,0
DA:125,0
DA:126,0
DA:129,0
DA:134,0
DA:136,0
DA:137,0
DA:140,0
DA:142,0
DA:144,0
DA:148,0
DA:150,0
DA:151,0
DA:154,0
DA:156,0
LF:66
LH:31
end_of_record
SF:lib/core/storage/database.dart
DA:17,4
DA:19,4
DA:23,4
DA:24,4
DA:25,4
DA:27,4
DA:30,4
DA:31,4
DA:33,0
DA:34,0
DA:35,0
DA:43,0
DA:48,0
DA:49,0
DA:58,0
DA:63,0
DA:64,0
DA:74,0
DA:79,0
DA:80,0
DA:91,0
DA:95,0
DA:104,0
DA:108,0
DA:119,0
DA:128,4
DA:130,4
DA:140,4
DA:155,4
DA:164,4
DA:168,4
DA:172,4
DA:177,4
DA:187,4
DA:192,4
DA:203,4
DA:208,4
DA:220,4
DA:225,4
DA:235,4
DA:240,4
DA:252,4
DA:259,4
DA:260,4
LF:44
LH:27
end_of_record
SF:lib/data/dto/mappers.dart
DA:22,1
DA:23,1
DA:24,1
DA:25,1
DA:26,1
DA:27,1
DA:28,1
DA:29,2
DA:30,1
DA:31,3
DA:32,1
DA:36,1
DA:37,1
DA:38,1
DA:39,1
DA:40,1
DA:46,2
DA:47,2
DA:48,2
DA:49,2
DA:50,2
DA:51,2
DA:52,2
DA:53,2
DA:54,2
DA:55,2
DA:56,2
DA:62,3
DA:63,3
DA:64,3
DA:65,3
DA:66,4
DA:67,3
DA:68,3
DA:69,3
DA:70,3
DA:71,3
DA:72,3
DA:73,3
DA:74,3
DA:75,3
DA:76,3
DA:77,3
DA:78,7
DA:79,3
DA:83,1
DA:86,1
DA:87,1
DA:88,1
DA:89,1
DA:90,1
DA:94,1
DA:95,1
DA:96,1
DA:97,1
DA:98,1
DA:99,1
DA:100,1
DA:106,1
DA:107,2
DA:108,2
DA:109,1
DA:110,1
DA:111,1
DA:112,1
DA:113,3
DA:114,1
DA:118,1
DA:119,1
DA:120,1
DA:121,1
DA:125,2
DA:126,2
DA:127,2
DA:128,3
DA:129,2
DA:130,2
DA:131,2
DA:132,2
DA:133,2
DA:134,2
DA:135,2
DA:136,2
DA:137,2
DA:138,2
DA:139,3
DA:140,3
DA:141,2
DA:142,2
DA:143,4
DA:144,2
DA:145,2
DA:146,2
DA:147,2
DA:148,2
DA:149,2
DA:150,2
DA:151,2
DA:152,2
DA:153,2
DA:154,2
DA:155,2
DA:156,2
DA:157,2
DA:158,2
DA:159,2
DA:160,2
DA:161,2
DA:165,1
DA:166,1
DA:167,1
DA:168,1
DA:169,1
DA:170,1
DA:171,1
DA:177,1
DA:178,1
DA:179,1
DA:180,1
DA:181,1
DA:185,1
DA:186,1
DA:187,1
DA:188,1
DA:189,1
DA:190,1
DA:191,1
DA:192,1
DA:193,1
DA:194,1
DA:195,1
DA:196,1
DA:197,1
DA:198,1
DA:199,1
DA:200,1
DA:201,1
DA:202,1
DA:203,1
DA:204,1
DA:205,1
DA:206,1
DA:207,1
DA:208,1
DA:209,1
DA:210,1
DA:214,1
DA:217,1
DA:218,1
DA:219,1
DA:220,1
DA:221,1
DA:222,1
DA:223,1
DA:225,1
DA:226,1
DA:231,1
DA:232,1
DA:233,1
DA:234,1
DA:235,1
DA:236,1
DA:237,1
DA:238,1
DA:239,1
DA:240,3
DA:241,1
DA:242,1
DA:243,1
DA:244,1
DA:245,2
DA:246,1
DA:247,1
DA:248,1
DA:249,1
DA:250,1
DA:252,1
DA:253,1
DA:255,1
DA:256,1
DA:257,1
DA:258,1
DA:259,1
DA:260,1
DA:261,1
DA:265,1
DA:266,1
DA:267,1
DA:268,2
DA:269,1
DA:270,2
DA:276,1
DA:282,2
DA:283,2
DA:285,1
DA:286,3
DA:292,1
DA:293,1
DA:294,2
DA:295,0
DA:296,0
DA:297,0
DA:298,0
DA:299,0
DA:304,2
DA:305,2
DA:306,2
DA:307,2
DA:308,2
DA:309,2
DA:310,2
DA:312,2
DA:313,2
DA:314,2
DA:315,2
DA:316,2
DA:317,2
DA:318,2
DA:322,1
DA:323,1
DA:324,2
DA:325,2
DA:326,2
DA:327,1
DA:331,1
DA:332,1
DA:333,1
DA:334,2
DA:335,1
DA:336,1
DA:341,1
DA:342,1
DA:343,1
DA:344,1
DA:345,2
DA:346,2
DA:347,2
DA:349,1
DA:352,1
DA:353,1
DA:354,1
DA:355,1
DA:356,1
DA:358,1
DA:359,1
DA:360,1
DA:361,1
DA:362,1
DA:366,1
DA:367,1
DA:368,1
DA:369,1
DA:370,1
DA:372,1
DA:373,1
DA:374,1
DA:375,1
DA:376,2
DA:377,1
DA:378,1
DA:381,1
DA:385,1
DA:386,1
DA:387,1
DA:388,2
DA:389,2
DA:390,2
DA:391,1
DA:392,1
DA:394,1
DA:395,1
DA:396,1
DA:397,1
DA:401,1
DA:402,1
DA:403,1
DA:404,1
DA:405,1
DA:406,1
DA:407,1
DA:408,1
DA:410,1
DA:411,1
DA:412,1
DA:413,1
DA:414,2
DA:415,1
DA:416,1
DA:419,1
DA:420,1
DA:421,1
DA:422,1
DA:423,2
DA:424,1
DA:425,1
DA:426,2
DA:429,1
DA:435,2
DA:436,2
DA:437,2
DA:438,2
DA:439,2
DA:440,2
DA:441,2
DA:442,2
DA:443,2
DA:444,2
DA:445,2
DA:446,2
DA:447,2
DA:448,2
DA:452,0
DA:456,0
DA:457,0
DA:458,0
DA:459,0
DA:461,0
DA:462,0
DA:463,0
DA:464,0
DA:465,0
DA:466,0
DA:467,0
DA:473,2
DA:474,2
DA:475,2
DA:476,2
DA:477,2
DA:478,2
DA:479,2
DA:480,4
DA:481,2
DA:482,2
DA:483,2
DA:489,2
DA:490,2
DA:491,2
DA:492,2
DA:493,2
DA:494,2
DA:495,2
DA:496,2
DA:497,2
DA:498,2
DA:499,2
DA:500,4
DA:501,0
DA:503,2
DA:504,2
DA:505,2
DA:506,2
DA:507,6
DA:508,2
DA:509,0
DA:510,3
DA:514,2
DA:515,2
DA:516,2
DA:517,2
DA:518,4
DA:519,4
DA:520,2
DA:524,2
DA:525,2
DA:526,2
DA:527,2
DA:528,4
DA:529,2
DA:530,2
DA:531,2
DA:532,2
DA:533,2
DA:537,1
DA:538,1
DA:539,1
DA:540,1
DA:541,1
DA:542,1
DA:543,1
DA:544,1
DA:548,1
DA:549,1
DA:550,1
DA:551,2
DA:555,1
DA:556,1
DA:557,1
DA:558,1
DA:559,2
DA:560,2
DA:564,1
DA:565,1
DA:566,1
DA:567,1
DA:568,1
DA:569,1
DA:570,2
DA:571,1
DA:572,1
DA:573,1
DA:574,1
DA:575,1
DA:576,1
DA:577,1
DA:581,1
DA:584,1
DA:585,1
DA:586,1
DA:587,1
DA:588,2
DA:589,1
DA:590,1
DA:596,2
DA:597,2
DA:598,2
DA:599,4
DA:600,8
DA:602,2
DA:603,2
DA:604,2
DA:605,2
DA:606,2
DA:607,2
DA:612,1
DA:613,1
DA:614,1
DA:615,1
DA:616,1
DA:617,1
DA:618,1
DA:619,1
DA:620,1
DA:621,1
DA:625,1
DA:626,1
DA:627,1
DA:628,1
DA:629,1
DA:630,1
DA:631,1
DA:632,1
DA:633,1
DA:634,1
DA:638,1
DA:639,1
DA:640,1
DA:641,1
DA:642,1
DA:643,1
DA:644,1
DA:645,1
DA:646,1
DA:652,1
DA:653,1
DA:654,1
DA:655,1
DA:656,1
DA:657,1
DA:658,1
DA:662,1
DA:663,1
DA:664,1
DA:665,1
DA:666,1
DA:667,1
DA:671,1
DA:672,1
DA:673,1
DA:674,1
DA:675,1
DA:676,1
DA:677,1
DA:681,2
DA:682,2
DA:683,2
DA:684,2
DA:685,2
DA:686,2
DA:687,2
DA:688,2
DA:692,1
DA:693,1
DA:694,1
DA:695,1
DA:696,1
DA:697,1
DA:698,1
DA:699,1
DA:700,1
DA:701,1
DA:702,1
DA:703,2
DA:704,0
DA:706,1
DA:708,1
DA:712,1
DA:713,1
DA:714,1
DA:715,1
DA:721,1
DA:723,1
DA:724,1
DA:725,1
DA:726,1
DA:727,1
DA:731,1
DA:732,1
DA:733,1
DA:734,1
DA:735,1
DA:736,1
DA:737,1
DA:738,1
DA:739,1
DA:744,1
DA:745,1
DA:746,1
DA:747,1
DA:748,1
DA:749,1
DA:750,1
DA:751,1
DA:752,1
DA:753,1
DA:754,1
DA:755,1
DA:756,1
DA:757,1
DA:758,1
DA:759,1
DA:760,1
DA:762,1
DA:766,1
DA:769,1
DA:770,1
DA:771,1
DA:772,1
DA:773,1
DA:774,1
DA:775,1
DA:776,1
DA:777,1
DA:778,1
DA:779,1
DA:780,1
DA:782,1
DA:783,1
DA:784,1
DA:788,1
DA:791,1
DA:792,1
DA:793,1
DA:794,1
DA:795,1
DA:796,1
DA:797,1
DA:798,1
LF:557
LH:537
end_of_record
SF:lib/domain/entities/user/user.dart
DA:13,5
DA:29,5
LF:2
LH:2
end_of_record
SF:lib/domain/entities/content/feed_item.dart
DA:15,3
LF:1
LH:1
end_of_record
SF:lib/domain/entities/communication/notification_item.dart
DA:20,5
DA:37,1
DA:53,1
DA:54,1
DA:55,1
DA:56,1
DA:57,1
DA:58,1
DA:59,1
DA:60,1
DA:61,1
DA:62,1
DA:63,1
DA:64,0
DA:65,0
DA:66,1
DA:67,0
LF:17
LH:14
end_of_record
SF:lib/domain/entities/communication/notification_settings.dart
DA:9,2
DA:16,1
DA:22,1
DA:23,1
DA:24,1
DA:25,0
DA:26,0
DA:38,1
LF:8
LH:6
end_of_record
SF:lib/domain/entities/content/content_item.dart
DA:17,0
DA:18,0
DA:19,0
DA:21,0
DA:23,0
DA:24,0
DA:25,0
DA:27,0
DA:29,0
DA:31,0
DA:53,2
DA:68,0
DA:84,0
LF:13
LH:1
end_of_record
SF:lib/domain/entities/academic/result.dart
DA:15,2
LF:1
LH:1
end_of_record
SF:lib/domain/entities/billing/invoice.dart
DA:21,5
DA:47,2
DA:66,2
DA:82,1
DA:93,1
DA:106,1
DA:118,0
DA:132,1
DA:153,1
LF:9
LH:8
end_of_record
SF:lib/domain/entities/admin/admin.dart
DA:13,2
DA:33,2
DA:55,1
DA:76,1
LF:4
LH:4
end_of_record
SF:lib/domain/entities/reports/reporting.dart
DA:8,2
DA:21,1
DA:42,3
DA:56,3
DA:57,5
DA:59,1
DA:72,1
DA:73,1
DA:74,1
DA:75,0
DA:76,1
DA:77,1
DA:78,1
DA:79,1
DA:80,1
DA:81,1
DA:82,0
DA:83,0
DA:99,0
DA:118,1
DA:131,1
DA:142,1
DA:151,2
DA:159,1
DA:171,1
DA:185,1
DA:198,1
DA:209,1
DA:225,2
LF:29
LH:25
end_of_record
SF:lib/domain/entities/lms/teacher.dart
DA:12,1
DA:27,1
DA:42,1
DA:59,2
DA:82,1
DA:101,1
DA:109,2
LF:7
LH:7
end_of_record
SF:lib/domain/entities/communication/calendar_event.dart
DA:5,2
DA:15,2
DA:26,1
DA:65,4
DA:98,1
DA:105,1
DA:106,1
DA:107,1
DA:108,1
DA:109,1
DA:110,1
DA:111,1
DA:112,1
DA:113,1
DA:114,1
DA:115,1
DA:116,1
DA:117,1
DA:118,1
DA:119,1
DA:120,1
DA:121,1
DA:122,1
DA:123,1
DA:124,0
DA:125,0
DA:126,0
DA:127,0
DA:128,1
DA:129,1
DA:130,1
DA:131,1
DA:132,1
DA:133,1
DA:134,1
DA:135,0
DA:147,3
LF:37
LH:32
end_of_record
SF:lib/domain/entities/content/document_management.dart
DA:6,1
DA:17,1
DA:49,2
DA:76,0
DA:77,3
DA:78,0
DA:79,2
DA:80,8
DA:82,1
DA:87,1
DA:88,1
DA:89,1
DA:90,1
DA:91,1
DA:92,1
DA:93,1
DA:94,1
DA:95,1
DA:96,1
DA:97,1
DA:98,1
DA:99,1
DA:100,1
DA:101,1
DA:102,0
DA:103,1
DA:104,1
DA:105,1
DA:106,1
DA:107,1
DA:108,0
DA:109,1
DA:110,1
DA:111,0
DA:124,2
DA:159,3
DA:185,1
DA:186,4
DA:188,1
DA:196,1
DA:197,1
DA:198,1
DA:199,1
DA:200,1
DA:201,1
DA:202,1
DA:203,1
DA:204,1
DA:205,1
DA:206,0
DA:207,0
DA:208,0
DA:209,1
DA:210,1
DA:211,1
DA:212,1
DA:213,1
DA:214,1
DA:215,1
DA:216,1
DA:217,1
DA:218,1
DA:219,0
DA:230,1
LF:64
LH:55
end_of_record
SF:lib/domain/entities/academic/program.dart
DA:14,1
DA:35,0
DA:66,1
DA:67,2
DA:68,2
DA:92,1
DA:126,1
DA:151,1
DA:169,1
LF:9
LH:8
end_of_record
SF:lib/domain/common/pagination.dart
DA:7,7
LF:1
LH:1
end_of_record
SF:lib/domain/entities/sync/sync.dart
DA:7,1
DA:14,1
DA:15,1
DA:16,2
DA:18,3
DA:19,2
DA:20,1
DA:31,3
DA:38,3
DA:39,3
DA:40,5
DA:41,2
DA:43,6
DA:44,6
DA:45,3
DA:57,1
DA:65,1
DA:66,1
DA:67,2
DA:68,2
DA:69,2
DA:70,1
DA:71,1
DA:72,2
DA:73,0
DA:82,1
DA:87,1
DA:88,1
DA:89,2
DA:90,2
DA:100,1
DA:106,1
DA:107,1
DA:108,1
DA:109,2
DA:110,2
DA:122,3
DA:138,1
LF:38
LH:37
end_of_record
SF:lib/core/network/ws_client.dart
DA:30,0
DA:32,0
DA:34,0
DA:36,0
DA:38,0
DA:40,0
DA:42,0
DA:44,0
DA:46,0
DA:57,0
DA:82,0
DA:88,0
DA:91,0
DA:92,0
DA:93,0
DA:97,0
DA:98,0
DA:99,0
DA:100,0
DA:101,0
DA:105,0
DA:106,0
DA:107,0
DA:111,0
DA:112,0
DA:113,0
DA:116,0
DA:117,0
DA:119,0
DA:121,0
DA:122,0
DA:125,0
DA:126,0
DA:127,0
DA:128,0
DA:129,0
DA:131,0
DA:132,0
DA:133,0
DA:135,0
DA:136,0
DA:140,0
DA:142,0
DA:143,0
DA:146,0
DA:147,0
DA:151,0
DA:152,0
DA:153,0
DA:157,0
DA:158,0
DA:160,0
DA:163,0
DA:165,0
DA:169,0
DA:173,0
DA:174,0
DA:176,0
DA:179,0
DA:183,0
DA:187,0
DA:189,0
DA:192,0
DA:194,0
DA:196,0
DA:198,0
DA:206,0
DA:207,0
DA:210,0
DA:211,0
DA:231,0
DA:232,0
DA:233,0
DA:234,0
DA:238,0
DA:239,0
DA:240,0
DA:242,0
DA:243,0
DA:246,0
DA:248,0
DA:249,0
DA:252,0
DA:255,0
DA:256,0
DA:257,0
DA:258,0
DA:259,0
DA:260,0
DA:261,0
DA:263,0
DA:265,0
DA:266,0
LF:93
LH:0
end_of_record
SF:lib/core/network/connectivity.dart
DA:28,2
DA:29,0
DA:30,6
DA:31,3
DA:32,3
DA:33,3
DA:34,3
DA:35,3
DA:39,3
DA:44,3
DA:55,2
DA:56,4
DA:57,2
DA:58,4
DA:59,2
DA:60,2
DA:61,2
DA:62,2
DA:64,10
DA:65,2
DA:66,2
DA:67,4
DA:68,2
DA:70,2
DA:71,2
DA:72,2
DA:74,4
DA:75,4
DA:81,2
DA:82,2
DA:83,2
DA:84,2
DA:85,2
DA:86,4
DA:87,2
DA:89,8
DA:91,2
DA:92,4
DA:93,4
DA:94,2
DA:95,2
DA:96,2
DA:99,2
DA:102,0
DA:105,4
DA:107,4
DA:108,8
DA:109,4
DA:110,8
DA:112,6
DA:113,8
DA:115,4
DA:116,1
DA:117,3
DA:124,2
DA:126,6
DA:127,8
DA:128,4
DA:131,0
DA:134,2
DA:135,6
DA:136,2
DA:137,2
DA:138,2
DA:141,2
DA:142,2
DA:144,6
DA:145,2
DA:150,0
DA:154,2
DA:155,6
DA:156,6
DA:159,2
DA:160,6
DA:161,6
DA:165,2
DA:166,2
DA:167,2
DA:168,4
DA:169,4
LF:80
LH:76
end_of_record
SF:lib/core/notifications/push_notifications.dart
DA:18,0
DA:21,0
DA:22,0
DA:24,0
DA:26,0
DA:27,0
DA:38,0
DA:53,1
DA:59,2
DA:60,0
DA:62,0
DA:64,1
DA:65,2
DA:68,0
DA:71,0
DA:72,0
DA:74,0
DA:81,0
DA:83,0
DA:87,0
DA:88,0
DA:89,0
DA:93,1
DA:94,1
DA:96,1
DA:104,0
DA:107,0
DA:108,0
DA:109,0
DA:114,0
DA:117,0
DA:118,0
DA:120,0
DA:124,0
DA:125,0
DA:126,0
DA:130,0
DA:133,0
DA:136,0
DA:138,0
DA:143,0
DA:146,0
DA:153,0
DA:154,0
DA:162,0
DA:171,0
DA:176,0
DA:178,0
DA:180,0
DA:186,0
DA:187,0
DA:188,0
DA:193,0
DA:194,0
DA:197,0
DA:199,0
DA:200,0
DA:201,0
DA:202,0
DA:217,0
DA:222,0
DA:225,0
DA:226,0
DA:229,0
DA:231,0
DA:235,0
DA:236,0
DA:237,0
DA:239,0
DA:240,0
DA:241,0
DA:245,0
DA:247,0
DA:254,0
DA:255,0
DA:263,0
DA:264,0
DA:266,0
DA:267,0
DA:268,0
DA:269,0
DA:270,0
DA:275,0
DA:276,0
DA:279,0
DA:283,0
DA:285,0
DA:287,0
DA:289,0
DA:291,0
LF:90
LH:7
end_of_record
SF:lib/core/network/upload_client.dart
DA:46,1
DA:47,1
DA:48,1
DA:49,0
DA:50,0
DA:51,0
DA:72,1
DA:78,2
DA:79,2
DA:80,1
DA:81,1
DA:93,1
DA:106,1
DA:108,0
DA:116,1
DA:118,0
DA:119,0
DA:124,1
DA:126,0
DA:133,1
DA:135,0
DA:145,1
DA:146,2
DA:147,2
DA:159,1
DA:167,1
DA:168,1
DA:169,1
DA:170,1
DA:171,1
DA:172,3
DA:173,2
DA:178,1
DA:184,3
DA:185,1
DA:187,1
DA:188,2
DA:189,1
DA:190,1
DA:191,1
DA:194,1
DA:195,2
DA:205,1
DA:210,1
DA:211,1
DA:218,1
DA:220,1
DA:221,1
DA:222,1
DA:223,2
DA:224,1
DA:227,1
DA:228,2
DA:233,1
DA:234,2
DA:235,0
DA:237,1
DA:238,2
DA:239,2
DA:240,1
DA:246,1
DA:247,3
DA:249,4
DA:250,1
DA:251,1
DA:252,1
DA:253,1
DA:254,0
DA:255,0
DA:262,1
DA:270,1
DA:272,1
DA:274,1
DA:280,0
DA:282,0
DA:283,0
DA:285,0
DA:287,0
DA:288,0
DA:290,0
DA:303,1
DA:311,1
DA:312,1
DA:314,1
DA:315,1
DA:316,1
DA:317,1
DA:318,1
DA:319,1
DA:322,1
DA:323,1
DA:325,1
DA:326,1
DA:327,1
DA:338,1
DA:343,2
DA:347,2
DA:348,1
DA:350,2
DA:351,2
DA:353,2
DA:355,2
DA:356,2
DA:359,2
DA:360,0
DA:361,0
DA:364,1
DA:365,1
DA:366,1
DA:367,1
DA:368,1
DA:373,0
DA:374,0
DA:375,0
DA:390,1
DA:398,1
DA:402,1
DA:405,4
DA:410,1
DA:411,1
DA:412,1
DA:418,1
DA:419,1
DA:421,1
DA:422,1
DA:426,1
DA:428,1
LF:127
LH:104
end_of_record
SF:lib/core/storage/offline_queue.dart
DA:42,4
DA:54,3
DA:55,3
DA:56,3
DA:57,3
DA:58,3
DA:59,3
DA:60,3
DA:61,3
DA:62,3
DA:63,3
DA:64,3
DA:69,3
DA:70,3
DA:71,6
DA:74,6
DA:78,6
DA:79,4
DA:80,4
DA:81,4
DA:82,4
DA:83,4
DA:84,2
DA:85,2
DA:88,4
DA:89,2
DA:90,2
DA:93,2
DA:94,2
DA:97,4
DA:98,2
DA:99,2
DA:104,2
DA:105,4
DA:106,2
DA:107,4
DA:108,2
DA:110,2
DA:111,0
DA:118,3
DA:124,3
DA:125,9
DA:127,6
DA:130,3
DA:131,3
DA:139,3
DA:140,3
DA:141,3
DA:144,3
DA:147,6
DA:150,2
DA:151,2
DA:152,2
DA:155,2
DA:158,4
DA:161,2
DA:162,2
DA:163,2
DA:164,4
DA:168,3
DA:169,3
DA:170,6
DA:174,2
DA:175,2
DA:176,2
DA:178,2
DA:181,4
DA:184,2
DA:189,2
DA:190,2
DA:191,2
DA:193,2
DA:195,2
DA:200,3
DA:201,3
DA:202,3
DA:204,3
DA:206,6
DA:209,2
DA:210,2
DA:211,2
DA:213,2
DA:215,4
DA:219,0
DA:220,0
DA:221,0
DA:224,2
DA:225,2
DA:226,2
DA:228,2
DA:230,2
DA:232,6
LF:92
LH:88
end_of_record
SF:lib/domain/entities/user/child_link.dart
DA:12,1
DA:21,0
LF:2
LH:1
end_of_record
SF:lib/domain/entities/communication/conversation.dart
DA:17,3
DA:30,2
DA:31,2
DA:32,2
DA:33,2
DA:34,2
DA:35,2
DA:36,2
DA:37,2
DA:38,6
DA:39,2
DA:40,0
DA:41,2
DA:42,2
DA:43,2
DA:44,2
DA:55,2
DA:62,2
DA:63,2
DA:64,2
DA:65,2
DA:66,2
DA:67,2
DA:80,2
DA:89,2
DA:90,2
DA:91,2
DA:92,2
DA:93,2
DA:94,2
DA:95,2
DA:96,2
DA:112,1
DA:124,1
DA:125,1
DA:126,1
DA:127,1
DA:128,1
DA:129,1
DA:130,1
DA:131,1
DA:132,2
DA:133,1
DA:134,0
DA:135,1
DA:136,1
DA:137,1
LF:47
LH:45
end_of_record
SF:lib/domain/entities/lms/quiz.dart
DA:17,1
DA:40,1
DA:61,2
DA:84,2
DA:101,2
DA:120,1
DA:144,1
DA:167,2
DA:189,1
LF:9
LH:9
end_of_record
SF:lib/domain/entities/academic/timetable.dart
DA:18,3
DA:32,2
DA:33,2
DA:34,2
DA:35,2
DA:36,2
DA:37,2
DA:38,2
DA:39,2
DA:40,2
DA:41,2
DA:42,2
DA:43,2
DA:44,2
DA:45,1
DA:46,1
DA:59,1
DA:66,1
DA:67,1
DA:68,1
DA:69,1
DA:70,1
DA:71,1
DA:82,3
DA:89,2
DA:90,2
DA:91,2
DA:92,2
DA:93,2
DA:94,2
DA:95,6
DA:96,2
DA:107,1
DA:114,1
DA:115,1
DA:116,1
DA:117,1
DA:118,1
DA:119,1
DA:128,1
DA:133,1
DA:134,1
DA:135,1
DA:136,1
DA:147,1
DA:154,1
DA:155,1
DA:156,1
DA:157,1
DA:159,1
DA:160,1
DA:161,1
DA:162,1
DA:163,1
DA:164,1
DA:165,1
DA:166,1
DA:178,1
DA:186,1
DA:187,1
DA:188,1
DA:189,1
DA:190,1
DA:191,1
DA:192,1
DA:206,2
DA:216,2
DA:217,2
DA:218,2
DA:219,2
DA:220,2
DA:221,2
DA:222,2
DA:223,2
DA:224,2
DA:234,2
DA:240,2
DA:241,2
DA:242,2
DA:243,2
DA:244,2
DA:245,2
DA:246,2
DA:247,2
DA:248,6
DA:249,2
DA:258,1
DA:263,1
DA:264,1
DA:265,1
DA:266,1
LF:91
LH:91
end_of_record
SF:lib/domain/entities/academic/attendance.dart
DA:12,5
DA:24,4
DA:25,4
DA:26,7
DA:27,2
DA:28,0
DA:29,8
DA:31,9
DA:32,5
DA:33,7
DA:34,2
DA:35,0
DA:36,8
DA:37,5
DA:38,5
DA:39,5
DA:43,1
DA:44,1
DA:45,2
DA:46,2
DA:47,3
DA:48,1
DA:49,2
DA:50,2
DA:51,1
DA:52,1
DA:53,1
DA:54,0
DA:58,1
DA:60,1
DA:61,3
DA:62,3
DA:63,3
DA:64,3
DA:65,3
DA:66,3
DA:67,3
DA:68,3
DA:69,3
DA:72,0
DA:73,0
DA:74,0
DA:75,0
DA:76,0
DA:77,0
DA:78,0
DA:79,0
DA:80,0
DA:81,0
DA:82,0
DA:91,1
DA:97,1
DA:98,1
DA:99,2
DA:100,2
DA:101,3
DA:114,1
DA:123,1
DA:124,1
DA:125,2
DA:126,2
DA:127,2
DA:128,2
DA:129,2
DA:130,2
DA:134,1
DA:135,1
DA:136,2
DA:137,2
DA:138,2
DA:139,2
DA:140,3
DA:141,3
DA:153,2
DA:161,2
DA:162,2
DA:163,3
DA:164,2
DA:165,0
DA:167,3
DA:168,2
DA:170,3
DA:171,2
DA:173,3
DA:174,2
DA:176,3
DA:177,2
DA:182,2
DA:183,2
DA:184,2
DA:185,2
DA:186,2
DA:187,2
DA:188,2
DA:203,1
DA:214,1
DA:215,2
DA:216,1
DA:217,1
DA:218,3
DA:219,2
DA:220,2
DA:221,1
DA:222,1
DA:223,1
DA:224,2
DA:226,2
DA:227,2
DA:228,1
DA:242,1
DA:252,1
DA:253,1
DA:254,2
DA:255,2
DA:256,1
DA:257,2
DA:259,1
DA:260,2
DA:262,1
DA:263,2
DA:265,1
DA:266,2
DA:268,1
DA:269,2
DA:274,1
DA:275,1
DA:276,1
DA:277,1
DA:278,1
DA:279,1
DA:280,1
DA:281,1
DA:282,1
DA:291,1
DA:304,1
DA:312,1
DA:313,1
DA:314,2
DA:315,2
DA:316,2
DA:317,2
DA:318,1
DA:328,1
LF:143
LH:128
end_of_record
SF:lib/domain/entities/billing/budget.dart
DA:13,4
DA:26,16
DA:28,4
DA:29,4
DA:30,8
DA:31,9
DA:32,9
DA:33,8
DA:34,7
DA:35,2
DA:37,7
DA:38,2
DA:40,7
DA:41,2
DA:43,8
DA:44,5
DA:45,5
DA:59,3
DA:69,3
DA:70,3
DA:71,6
DA:72,6
DA:73,5
DA:74,2
DA:75,0
DA:77,6
DA:78,6
DA:79,6
DA:80,6
DA:97,3
DA:110,3
DA:111,3
DA:112,6
DA:113,6
DA:114,5
DA:115,6
DA:116,6
DA:117,6
DA:118,6
DA:119,5
DA:121,7
DA:122,4
DA:136,1
DA:146,1
DA:147,1
DA:148,2
DA:149,2
DA:150,2
DA:151,2
DA:152,2
DA:153,2
DA:154,2
DA:166,1
DA:174,1
DA:175,1
DA:176,1
DA:177,2
DA:179,2
DA:180,2
DA:181,1
DA:182,2
DA:184,1
DA:185,2
DA:198,2
LF:64
LH:63
end_of_record
SF:lib/domain/entities/admin/compliance.dart
DA:8,2
DA:16,2
DA:17,2
DA:18,4
DA:19,5
DA:20,4
DA:21,3
DA:22,4
DA:33,1
DA:40,1
DA:41,1
DA:42,2
DA:43,2
DA:44,2
DA:45,2
DA:57,2
DA:65,2
DA:66,2
DA:67,4
DA:68,4
DA:69,3
DA:70,4
DA:71,3
DA:80,3
DA:85,3
DA:86,3
DA:87,6
DA:88,6
DA:99,3
DA:106,3
DA:107,3
DA:108,3
DA:109,3
DA:110,5
DA:111,2
DA:114,5
DA:115,2
DA:118,5
DA:119,2
DA:121,6
DA:133,3
DA:141,3
DA:142,3
DA:143,6
DA:144,7
DA:145,6
DA:146,5
DA:147,5
LF:48
LH:48
end_of_record
SF:lib/domain/entities/reports/financial_health.dart
DA:5,1
DA:10,1
DA:11,1
DA:12,1
DA:13,2
DA:14,0
DA:16,1
DA:17,2
DA:29,1
DA:36,1
DA:37,1
DA:38,3
DA:39,2
DA:40,2
DA:41,1
DA:42,3
DA:43,2
DA:53,1
DA:59,1
DA:60,1
DA:61,2
DA:62,1
DA:63,2
DA:65,2
DA:76,3
DA:83,3
DA:84,3
DA:86,8
DA:87,6
DA:88,6
DA:89,6
DA:90,3
DA:91,2
DA:102,3
DA:109,3
DA:110,3
DA:111,6
DA:112,6
DA:113,6
DA:114,3
DA:115,3
DA:126,2
LF:42
LH:41
end_of_record
SF:lib/domain/entities/school/micro_school.dart
DA:11,2
DA:22,18
DA:24,2
DA:25,2
DA:26,4
DA:27,4
DA:28,4
DA:29,4
DA:30,4
DA:31,4
DA:32,4
DA:33,4
DA:44,1
DA:51,1
DA:52,1
DA:53,2
DA:54,2
DA:55,2
DA:56,2
DA:68,1
DA:76,1
DA:77,1
DA:78,2
DA:79,2
DA:80,2
DA:81,2
DA:82,2
DA:95,1
DA:104,1
DA:105,1
DA:106,2
DA:107,2
DA:108,2
DA:109,2
DA:110,2
DA:111,2
DA:120,3
DA:125,2
DA:126,2
DA:127,4
DA:128,4
DA:139,3
DA:146,2
DA:147,2
DA:148,2
DA:149,4
DA:150,4
DA:151,4
DA:153,2
DA:154,4
DA:156,2
DA:168,1
DA:176,1
DA:177,1
DA:178,1
DA:179,2
DA:180,2
DA:181,2
DA:182,2
DA:184,1
DA:185,2
DA:187,1
DA:199,2
LF:63
LH:63
end_of_record
SF:lib/domain/entities/academic/skills.dart
DA:7,1
DA:14,1
DA:15,1
DA:16,2
DA:17,3
DA:18,2
DA:19,1
DA:31,1
DA:39,1
DA:40,1
DA:41,2
DA:42,2
DA:43,2
DA:44,2
DA:45,1
DA:55,3
DA:61,3
DA:62,3
DA:63,8
DA:64,6
DA:65,2
DA:66,0
DA:68,6
DA:69,2
DA:70,0
DA:82,1
DA:89,1
DA:90,1
DA:91,2
DA:92,2
DA:93,1
DA:94,2
DA:96,1
DA:97,2
DA:109,1
DA:116,1
DA:117,1
DA:118,1
DA:119,1
DA:120,2
DA:121,2
DA:122,2
DA:123,2
DA:136,3
DA:145,3
DA:146,3
DA:147,3
DA:148,3
DA:149,6
DA:150,6
DA:151,6
DA:152,6
DA:153,4
DA:154,6
DA:165,1
DA:172,1
DA:173,1
DA:174,1
DA:175,1
DA:176,2
DA:177,2
DA:178,2
DA:179,2
DA:188,1
DA:193,1
DA:194,1
DA:195,1
DA:196,1
DA:197,1
DA:198,2
DA:200,2
DA:210,1
DA:216,1
DA:217,1
DA:218,2
DA:219,2
DA:220,2
DA:229,2
LF:78
LH:76
end_of_record
SF:lib/app/providers.dart
DA:72,0
DA:73,0
DA:74,0
DA:75,0
DA:77,0
DA:78,0
DA:82,7
DA:83,1
DA:84,2
DA:85,2
DA:86,2
DA:87,2
DA:91,28
DA:92,1
DA:97,28
DA:98,1
DA:99,2
DA:100,2
DA:104,3
DA:105,0
DA:106,0
DA:107,0
DA:111,0
DA:112,0
DA:113,0
DA:114,0
DA:118,0
DA:119,0
DA:120,0
DA:121,0
DA:122,0
DA:126,6
DA:127,0
DA:128,0
DA:129,0
DA:130,0
DA:134,0
DA:135,0
DA:136,0
DA:137,0
DA:141,0
DA:142,0
DA:143,0
DA:144,0
DA:148,3
DA:149,0
DA:150,0
DA:151,0
DA:155,6
DA:156,0
DA:157,0
DA:158,0
DA:162,0
DA:163,0
DA:164,0
DA:168,0
DA:169,0
DA:170,0
DA:171,0
DA:175,12
DA:176,0
DA:177,0
DA:183,0
DA:184,0
DA:185,0
DA:186,0
DA:187,0
DA:191,0
DA:192,0
DA:193,0
DA:194,0
DA:198,3
DA:199,0
DA:200,0
DA:201,0
DA:205,6
DA:206,0
DA:207,0
DA:211,0
DA:212,0
DA:213,0
DA:217,9
DA:218,0
DA:219,0
DA:223,6
DA:224,0
DA:225,0
DA:226,0
DA:230,3
DA:231,0
DA:234,3
DA:235,0
DA:238,3
DA:239,0
DA:242,6
DA:243,0
DA:246,4
DA:247,3
DA:250,2
DA:251,1
DA:252,0
DA:255,4
DA:256,2
DA:257,1
DA:258,1
LF:105
LH:33
end_of_record
SF:lib/domain/repositories/auth/auth_repository.dart
DA:14,2
DA:26,0
DA:37,0
DA:51,0
LF:4
LH:1
end_of_record
SF:lib/data/repositories_impl/auth/auth_repository_impl.dart
DA:17,3
DA:23,2
DA:31,2
DA:36,1
DA:37,0
DA:39,4
DA:46,6
DA:47,1
DA:49,2
DA:53,4
DA:54,4
DA:57,4
DA:59,4
DA:62,2
DA:65,0
DA:74,0
DA:81,0
DA:83,0
DA:85,0
DA:86,0
DA:88,0
DA:90,0
DA:93,0
DA:95,0
DA:96,0
DA:97,0
DA:99,0
DA:103,0
DA:109,0
DA:111,0
DA:119,0
DA:121,0
DA:122,0
DA:125,0
DA:127,0
DA:128,0
DA:131,0
DA:133,0
DA:135,0
DA:142,0
DA:143,0
DA:145,0
DA:147,0
DA:153,1
DA:155,2
DA:159,0
DA:161,0
DA:163,0
DA:168,0
DA:170,0
DA:172,0
DA:178,0
DA:181,0
DA:183,0
DA:185,0
DA:193,0
DA:196,0
DA:200,0
DA:201,0
DA:205,0
DA:207,0
DA:208,0
DA:211,0
DA:213,0
DA:214,0
DA:215,0
DA:216,0
DA:220,0
DA:222,0
DA:224,0
DA:226,0
DA:227,0
DA:229,0
DA:233,0
DA:235,0
DA:238,0
DA:243,0
DA:245,0
DA:252,0
DA:257,0
DA:258,0
DA:259,0
DA:262,0
DA:263,0
DA:264,0
DA:268,0
DA:275,0
DA:277,0
DA:286,0
DA:287,0
DA:289,0
DA:291,0
DA:294,0
DA:297,0
DA:299,0
DA:301,0
DA:302,0
DA:304,0
DA:305,0
DA:306,0
DA:307,0
DA:308,0
DA:309,0
DA:310,0
DA:312,0
LF:105
LH:15
end_of_record
SF:lib/features/auth/auth_provider.dart
DA:34,8
DA:48,8
DA:65,8
DA:66,8
DA:67,8
DA:68,8
DA:69,8
DA:71,8
DA:72,8
DA:73,8
DA:74,8
DA:75,8
DA:76,8
DA:77,8
DA:86,18
DA:87,9
DA:90,9
DA:92,27
DA:93,9
DA:94,1
DA:96,24
DA:101,8
DA:105,8
DA:107,24
DA:108,32
DA:110,18
DA:114,9
DA:115,3
DA:116,3
DA:117,9
DA:123,0
DA:128,2
DA:129,2
DA:134,2
DA:135,0
DA:136,0
DA:138,0
DA:139,2
DA:140,0
DA:141,0
DA:143,0
DA:149,2
DA:153,2
DA:154,6
DA:157,6
DA:158,2
DA:160,2
DA:164,2
DA:165,2
DA:168,2
DA:169,0
DA:172,0
DA:178,2
DA:179,6
DA:187,8
DA:189,0
DA:191,0
DA:197,0
DA:198,0
DA:199,0
DA:202,0
DA:203,0
DA:204,0
DA:205,0
DA:209,0
DA:210,0
DA:213,0
DA:215,0
DA:217,0
DA:223,0
DA:224,0
DA:228,1
DA:229,3
DA:230,3
DA:232,1
DA:236,0
DA:237,0
DA:238,0
DA:239,0
DA:243,1
DA:245,3
DA:246,1
DA:250,4
DA:251,2
DA:253,2
DA:254,2
DA:259,0
DA:260,0
DA:262,0
DA:264,0
DA:266,0
DA:269,0
DA:273,0
DA:274,0
DA:275,0
DA:277,0
DA:280,0
DA:285,0
DA:290,0
DA:291,0
DA:295,0
DA:296,0
DA:299,0
DA:301,0
DA:308,0
DA:309,0
DA:315,0
DA:317,0
DA:322,2
DA:323,6
DA:328,36
DA:329,9
LF:112
LH:61
end_of_record
SF:lib/core/di/providers.dart
DA:31,28
DA:32,1
DA:35,25
DA:36,2
DA:37,0
DA:39,2
DA:43,0
DA:44,0
DA:45,0
DA:49,6
DA:50,0
DA:53,3
DA:54,0
DA:57,0
DA:58,0
DA:61,0
DA:62,0
DA:65,0
DA:66,0
DA:69,0
DA:70,0
DA:73,0
DA:74,0
DA:78,2
DA:79,2
DA:80,1
DA:83,4
DA:84,1
DA:85,2
DA:86,2
DA:90,0
DA:91,0
DA:92,0
DA:93,0
DA:94,0
DA:99,6
DA:100,0
DA:101,0
DA:102,0
DA:109,6
DA:110,3
DA:113,3
DA:114,6
DA:115,3
DA:116,3
DA:117,3
DA:122,1
DA:123,1
DA:124,3
DA:128,6
DA:129,6
DA:130,9
LF:52
LH:28
end_of_record
SF:lib/data/repositories_impl/academic/attendance_repository_impl.dart
DA:10,1
DA:16,1
DA:21,2
DA:23,0
DA:26,2
DA:27,1
DA:28,1
DA:30,3
DA:31,3
DA:34,0
DA:40,0
DA:41,0
DA:42,0
DA:44,0
DA:47,0
DA:50,0
DA:56,0
DA:58,0
DA:62,0
DA:65,0
DA:68,0
DA:74,0
DA:76,0
DA:79,0
DA:80,0
DA:81,0
DA:86,0
DA:87,0
DA:90,0
DA:94,0
DA:96,0
DA:99,0
DA:101,0
DA:103,0
DA:104,0
DA:107,0
DA:109,0
DA:111,0
DA:115,0
DA:116,0
DA:117,0
DA:120,0
DA:126,0
DA:128,0
DA:132,0
DA:133,0
DA:134,0
DA:137,0
DA:139,0
DA:142,0
DA:147,0
DA:148,0
DA:149,0
DA:151,0
DA:152,0
DA:156,0
DA:162,0
DA:163,0
DA:164,0
DA:165,0
DA:166,0
DA:169,0
DA:172,0
DA:174,0
DA:178,0
LF:65
LH:8
end_of_record
SF:lib/data/repositories_impl/billing/budget_repository_impl.dart
DA:8,2
DA:10,1
DA:14,2
DA:15,3
DA:18,0
DA:20,0
DA:21,0
DA:24,1
DA:26,3
DA:27,2
DA:30,0
DA:35,0
DA:36,0
DA:39,0
DA:41,0
DA:44,2
DA:46,6
DA:47,6
DA:50,0
DA:55,0
DA:56,0
DA:59,0
DA:62,0
DA:64,0
DA:65,0
DA:68,0
DA:73,0
DA:74,0
DA:77,0
DA:80,1
DA:85,2
DA:86,1
DA:89,3
DA:92,1
DA:96,2
DA:97,2
DA:99,0
DA:100,2
DA:102,1
DA:103,2
DA:104,2
DA:105,2
DA:106,1
DA:107,1
DA:108,1
DA:109,1
DA:112,1
DA:113,1
DA:114,2
DA:115,1
DA:116,1
DA:117,2
DA:118,1
DA:119,1
DA:120,1
DA:121,1
DA:122,1
DA:123,1
DA:124,1
DA:133,1
DA:137,2
DA:138,1
DA:139,0
DA:141,1
DA:142,2
DA:144,0
DA:146,2
DA:147,2
DA:148,1
DA:149,1
DA:150,1
DA:151,1
DA:152,1
DA:155,2
DA:158,1
DA:163,2
DA:164,1
DA:165,1
DA:166,1
DA:169,2
DA:172,0
DA:177,0
DA:178,0
DA:179,0
DA:180,0
DA:183,0
DA:186,0
DA:188,0
DA:189,0
DA:190,0
DA:191,0
DA:196,0
DA:198,0
DA:199,0
DA:202,0
DA:204,0
DA:205,0
DA:208,0
DA:213,0
DA:214,0
DA:217,0
DA:220,0
DA:222,0
DA:223,0
DA:225,0
LF:105
LH:58
end_of_record
SF:lib/data/repositories_impl/communication/calendar_repository_impl.dart
DA:11,1
DA:17,0
DA:19,0
DA:20,0
DA:21,0
DA:22,0
DA:23,0
DA:24,0
DA:25,0
DA:27,0
DA:28,0
DA:29,0
DA:30,0
DA:34,1
DA:40,1
DA:42,2
DA:44,1
DA:45,1
DA:46,1
DA:47,0
DA:50,0
DA:51,0
DA:52,1
DA:53,2
DA:54,2
DA:58,0
DA:60,0
DA:61,0
DA:64,0
DA:66,0
DA:67,0
DA:70,0
DA:75,0
DA:76,0
DA:79,0
DA:81,0
DA:84,0
DA:86,0
DA:87,0
DA:90,0
DA:92,0
DA:93,0
LF:42
LH:10
end_of_record
SF:lib/data/repositories_impl/content/document_repository_impl.dart
DA:27,1
DA:33,1
DA:35,1
DA:38,2
DA:39,0
DA:40,0
DA:41,0
DA:42,0
DA:43,0
DA:44,0
DA:45,0
DA:46,0
DA:47,0
DA:49,1
DA:54,0
DA:58,0
DA:60,0
DA:65,0
DA:66,0
DA:67,0
DA:68,0
DA:69,0
DA:73,0
DA:75,0
DA:77,0
DA:78,0
DA:79,0
DA:80,0
DA:81,0
DA:82,0
DA:86,0
DA:92,0
DA:93,0
DA:94,0
DA:95,0
DA:96,0
DA:97,0
DA:101,0
DA:109,0
DA:112,0
DA:113,0
DA:114,0
DA:115,0
DA:116,0
DA:120,0
DA:123,0
DA:128,0
DA:131,0
DA:135,0
DA:144,0
DA:152,0
DA:154,0
DA:155,0
DA:156,0
DA:157,0
DA:158,0
DA:159,0
DA:160,0
DA:161,0
DA:164,0
DA:165,0
DA:167,0
DA:168,0
DA:169,0
DA:170,0
DA:172,0
DA:173,0
DA:174,0
DA:175,0
DA:176,0
DA:182,0
DA:195,0
DA:198,0
DA:199,0
DA:200,0
DA:201,0
DA:202,0
DA:203,0
DA:204,0
DA:205,0
DA:206,0
DA:207,0
DA:211,0
DA:214,0
DA:216,0
DA:219,0
DA:224,0
DA:225,0
DA:226,0
DA:228,0
DA:231,0
DA:233,0
DA:234,0
DA:235,0
DA:240,0
DA:244,0
DA:245,0
DA:246,0
DA:248,0
DA:249,0
DA:253,0
DA:254,0
DA:255,0
DA:258,0
DA:262,0
DA:264,0
DA:265,0
DA:266,0
DA:271,0
DA:275,0
DA:276,0
DA:277,0
DA:279,0
DA:280,0
DA:283,0
DA:284,0
DA:285,0
DA:287,0
DA:288,0
DA:289,0
DA:292,0
DA:296,0
DA:303,0
DA:309,0
DA:310,0
DA:313,0
DA:314,0
DA:317,0
DA:318,0
DA:323,0
DA:324,0
DA:325,0
DA:328,0
LF:133
LH:5
end_of_record
SF:lib/data/repositories_impl/content/feed_repository_impl.dart
DA:16,1
DA:20,1
DA:22,1
DA:25,2
DA:27,0
DA:28,0
DA:34,1
DA:35,0
DA:37,2
DA:40,3
DA:42,1
DA:43,3
DA:44,1
DA:45,1
LF:14
LH:11
end_of_record
SF:lib/data/repositories_impl/school/micro_school_repository_impl.dart
DA:8,1
DA:10,0
DA:14,0
DA:15,0
DA:18,0
DA:20,0
DA:21,0
DA:24,0
DA:26,0
DA:27,0
DA:28,0
DA:38,0
DA:41,0
DA:46,0
DA:47,0
DA:50,0
DA:52,0
DA:53,0
DA:54,0
DA:61,0
DA:63,0
DA:65,0
DA:67,0
DA:70,0
DA:75,0
DA:76,0
DA:78,0
DA:79,0
DA:80,0
DA:82,0
DA:83,0
DA:86,0
DA:89,0
DA:91,0
DA:94,0
DA:96,0
DA:98,0
DA:100,0
DA:103,0
DA:108,0
DA:110,0
DA:114,0
DA:116,0
DA:117,0
DA:118,0
DA:119,0
DA:120,0
DA:121,0
DA:124,0
DA:127,0
DA:129,0
DA:131,0
DA:133,0
DA:136,0
DA:141,0
DA:143,0
DA:145,0
DA:146,0
DA:147,0
DA:148,0
DA:149,0
DA:150,0
DA:151,0
DA:154,0
DA:157,1
DA:159,2
DA:161,1
DA:163,1
DA:164,4
DA:165,1
DA:166,1
DA:167,1
DA:168,2
DA:169,1
DA:170,2
DA:171,1
DA:172,1
DA:173,2
DA:174,2
DA:178,1
DA:182,0
DA:187,0
DA:189,0
DA:194,0
DA:197,0
DA:198,0
DA:199,0
DA:200,0
DA:201,0
DA:202,0
DA:206,0
DA:210,0
DA:215,0
DA:217,0
DA:219,0
DA:220,0
DA:221,0
DA:224,0
DA:227,0
DA:229,0
DA:230,0
DA:233,0
DA:235,0
DA:236,0
DA:239,0
DA:243,0
DA:244,0
DA:247,0
DA:251,0
DA:252,0
DA:255,0
DA:259,0
DA:260,0
DA:263,0
DA:268,0
DA:269,0
DA:272,0
DA:276,0
DA:277,0
DA:280,0
DA:284,0
DA:285,0
DA:288,0
DA:292,0
DA:293,0
DA:296,0
DA:300,0
DA:301,0
LF:128
LH:17
end_of_record
SF:lib/data/repositories_impl/academic/skills_repository_impl.dart
DA:11,1
DA:13,0
DA:15,0
DA:17,0
DA:18,0
DA:21,0
DA:24,0
DA:26,0
DA:27,0
DA:30,0
DA:35,0
DA:37,0
DA:38,0
DA:39,0
DA:42,0
DA:45,0
DA:47,0
DA:48,0
DA:51,0
DA:56,0
DA:57,0
DA:58,0
DA:60,0
DA:63,0
DA:68,0
DA:69,0
DA:71,0
DA:74,1
DA:79,2
DA:80,1
DA:81,1
DA:83,2
DA:86,0
DA:91,0
DA:92,0
DA:94,0
DA:97,0
DA:102,0
DA:103,0
DA:104,0
DA:105,0
DA:110,0
DA:115,0
DA:116,0
DA:117,0
DA:119,0
DA:122,0
DA:126,0
DA:128,0
DA:130,0
DA:133,0
DA:139,0
DA:140,0
DA:141,0
DA:146,0
LF:55
LH:6
end_of_record
SF:lib/data/repositories_impl/admin/compliance_repository_impl.dart
DA:8,2
DA:10,1
DA:14,2
DA:15,3
DA:18,0
DA:20,0
DA:21,0
DA:24,0
DA:29,0
DA:30,0
DA:31,0
DA:32,0
DA:35,0
DA:38,0
DA:43,0
DA:44,0
DA:47,0
DA:50,0
DA:52,0
DA:53,0
DA:56,1
DA:60,2
DA:61,3
DA:64,0
DA:66,0
DA:69,1
DA:76,2
DA:78,1
DA:79,1
DA:80,0
DA:81,0
DA:82,0
DA:85,2
DA:88,0
DA:91,0
DA:92,0
DA:95,1
DA:99,2
DA:100,3
DA:103,0
DA:105,0
DA:106,0
DA:109,0
DA:111,0
DA:112,0
LF:45
LH:15
end_of_record
SF:lib/data/repositories_impl/sync/sync_repository_impl.dart
DA:8,2
DA:10,0
DA:12,0
DA:13,0
DA:16,0
DA:18,0
DA:19,0
DA:22,0
DA:27,0
DA:28,0
DA:31,0
DA:34,0
DA:41,0
DA:42,0
DA:43,0
DA:45,0
DA:48,1
DA:50,2
DA:52,1
DA:54,2
DA:57,0
DA:62,0
DA:64,0
DA:69,0
DA:72,0
DA:77,0
DA:78,0
DA:81,0
DA:84,0
DA:89,0
DA:91,0
DA:92,0
DA:93,0
DA:96,0
DA:99,0
DA:104,0
DA:105,0
DA:108,0
DA:111,0
DA:113,0
DA:115,0
DA:117,0
LF:42
LH:5
end_of_record
SF:lib/data/repositories_impl/reports/financial_health_repository_impl.dart
DA:11,1
DA:13,0
DA:18,0
DA:19,0
DA:22,0
DA:25,0
DA:26,0
DA:29,0
DA:34,0
DA:35,0
DA:38,0
DA:42,0
DA:46,0
DA:49,0
DA:53,0
DA:55,0
DA:57,0
DA:60,0
DA:64,0
DA:68,0
DA:71,0
DA:73,0
DA:75,0
DA:76,0
DA:79,0
DA:82,0
DA:87,0
DA:88,0
DA:91,1
DA:93,2
DA:94,2
DA:97,0
DA:99,0
DA:101,0
DA:103,0
DA:104,0
DA:106,0
DA:109,0
DA:111,0
DA:112,0
DA:113,0
DA:116,0
DA:118,0
DA:119,0
DA:120,0
LF:45
LH:4
end_of_record
SF:lib/data/repositories_impl/content/content_repository_impl.dart
DA:16,1
DA:20,1
DA:28,1
DA:30,2
DA:32,1
DA:33,2
DA:38,0
DA:39,0
DA:40,0
DA:41,0
DA:42,0
DA:44,0
DA:45,0
DA:47,0
DA:48,0
DA:49,0
DA:50,0
DA:54,0
DA:56,0
DA:57,0
DA:58,0
DA:59,0
DA:62,0
DA:63,0
DA:65,0
DA:68,0
DA:71,0
DA:73,0
DA:74,0
DA:76,0
DA:78,0
DA:79,0
DA:81,0
DA:84,0
DA:87,0
DA:88,0
DA:89,0
DA:90,0
DA:91,0
DA:93,0
DA:96,0
DA:99,0
DA:101,0
DA:102,0
DA:103,0
LF:45
LH:6
end_of_record
SF:lib/data/repositories_impl/academic/result_repository_impl.dart
DA:16,1
DA:20,1
DA:22,1
DA:24,2
DA:26,0
DA:27,0
DA:32,1
DA:33,0
DA:35,2
DA:36,3
DA:38,1
DA:39,3
DA:40,1
DA:41,1
LF:14
LH:11
end_of_record
SF:lib/data/repositories_impl/academic/program_repository_impl.dart
DA:32,1
DA:36,1
DA:40,3
DA:41,2
DA:44,1
DA:48,1
DA:50,2
DA:52,2
DA:55,0
DA:56,0
DA:57,0
DA:60,1
DA:64,1
DA:66,2
DA:68,0
DA:71,3
DA:72,3
DA:73,3
DA:76,1
DA:80,1
DA:82,2
DA:84,2
DA:87,0
DA:88,0
DA:89,0
DA:92,1
DA:99,1
DA:100,1
DA:101,1
DA:102,1
DA:104,1
DA:105,1
DA:106,1
DA:111,1
DA:112,2
DA:115,1
DA:120,1
DA:122,3
DA:123,1
DA:124,1
DA:125,1
DA:128,1
DA:129,2
LF:43
LH:36
end_of_record
SF:lib/data/repositories_impl/billing/invoice_repository_impl.dart
DA:19,2
DA:23,1
DA:25,1
DA:27,2
DA:29,0
DA:30,0
DA:35,1
DA:36,0
DA:38,2
DA:39,3
DA:41,1
DA:42,3
DA:43,1
DA:44,1
DA:48,1
DA:50,3
DA:51,2
DA:54,1
DA:60,2
DA:62,1
DA:68,2
DA:69,2
DA:72,1
DA:77,3
DA:80,0
DA:84,0
DA:85,0
DA:88,0
DA:89,0
DA:90,0
DA:91,0
DA:92,0
DA:93,0
DA:94,0
DA:95,0
DA:96,0
DA:99,0
DA:101,0
DA:104,0
DA:110,0
DA:111,0
DA:112,0
DA:113,0
DA:115,0
DA:116,0
DA:117,0
DA:118,0
DA:121,0
DA:127,0
DA:128,0
DA:129,0
DA:130,0
DA:132,0
DA:133,0
DA:134,0
DA:135,0
DA:138,0
DA:140,0
DA:141,0
DA:144,0
DA:149,0
DA:151,0
DA:153,0
DA:154,0
DA:155,0
DA:156,0
DA:159,0
DA:163,0
DA:166,0
DA:168,0
DA:169,0
DA:172,0
DA:178,0
DA:180,0
DA:186,0
DA:189,0
DA:191,0
DA:193,0
DA:195,0
DA:198,0
DA:200,0
DA:201,0
DA:204,0
DA:212,0
DA:214,0
DA:220,0
DA:221,0
DA:222,0
DA:223,0
DA:226,0
DA:229,0
DA:230,0
LF:92
LH:21
end_of_record
SF:lib/data/repositories_impl/admin/admin_repository_impl.dart
DA:14,1
DA:16,1
DA:18,2
DA:19,2
DA:22,0
DA:29,0
DA:30,0
DA:31,0
DA:32,0
DA:33,0
DA:35,0
DA:36,0
DA:37,0
DA:38,0
DA:39,0
DA:43,0
DA:45,0
DA:48,0
DA:50,0
DA:53,0
DA:55,0
DA:58,0
DA:63,0
DA:64,0
DA:65,0
DA:67,0
DA:68,0
DA:69,0
DA:70,0
DA:71,0
DA:75,0
DA:80,0
DA:82,0
DA:87,0
DA:90,0
DA:92,0
DA:95,0
DA:100,0
DA:101,0
DA:102,0
DA:104,0
DA:105,0
DA:106,0
DA:107,0
DA:108,0
DA:112,0
DA:118,0
DA:119,0
DA:120,0
DA:121,0
LF:50
LH:4
end_of_record
SF:lib/data/repositories_impl/reports/reporting_repository_impl.dart
DA:17,1
DA:23,0
DA:28,0
DA:30,0
DA:31,0
DA:32,0
DA:36,0
DA:37,0
DA:38,0
DA:39,0
DA:40,0
DA:46,0
DA:47,0
DA:48,0
DA:49,0
DA:50,0
DA:51,0
DA:52,0
DA:53,0
DA:54,0
DA:60,0
DA:61,0
DA:62,0
DA:63,0
DA:64,0
DA:70,0
DA:74,1
DA:81,2
DA:83,1
DA:84,0
DA:85,0
DA:86,0
DA:87,1
DA:91,1
DA:92,1
DA:93,1
DA:94,4
DA:96,1
DA:97,1
DA:99,1
DA:101,1
DA:102,1
DA:104,0
DA:106,0
DA:107,0
DA:113,0
DA:125,0
DA:127,0
DA:128,0
DA:129,0
DA:130,0
DA:131,0
DA:132,0
DA:133,0
DA:134,0
DA:135,0
DA:136,0
DA:139,0
DA:142,0
DA:144,0
DA:145,0
DA:146,0
DA:151,0
DA:155,0
DA:156,0
DA:157,0
DA:158,0
DA:161,0
DA:162,0
DA:163,0
DA:164,0
DA:165,0
DA:166,0
DA:167,0
DA:168,0
DA:169,0
DA:170,0
DA:171,0
DA:172,0
DA:173,0
DA:174,0
DA:175,0
DA:176,0
DA:178,0
DA:183,0
DA:185,0
DA:186,0
DA:189,0
DA:195,0
DA:197,0
DA:200,0
DA:203,0
DA:206,0
DA:213,0
DA:215,0
DA:218,0
DA:222,0
DA:225,0
DA:232,0
DA:234,0
DA:235,0
DA:236,0
DA:237,0
DA:238,0
DA:241,0
DA:244,0
DA:251,0
DA:253,0
DA:256,0
DA:260,0
DA:263,0
DA:269,0
DA:271,0
DA:274,0
DA:277,0
DA:280,1
DA:281,2
DA:282,1
DA:283,1
DA:284,3
DA:288,1
DA:292,1
DA:295,1
DA:297,2
DA:301,0
DA:302,0
DA:305,0
DA:306,0
DA:311,0
DA:312,0
DA:313,0
DA:314,0
DA:315,0
DA:316,0
DA:317,0
DA:318,0
DA:320,0
DA:321,0
DA:322,0
DA:323,0
DA:327,0
DA:335,0
DA:337,0
DA:345,0
DA:348,0
DA:350,0
DA:351,0
DA:354,0
DA:363,0
DA:364,0
DA:365,0
DA:366,0
DA:367,0
DA:368,0
DA:369,0
DA:370,0
DA:373,0
DA:376,0
DA:378,0
DA:381,0
DA:383,0
DA:384,0
DA:385,0
DA:387,0
LF:164
LH:23
end_of_record
SF:lib/data/repositories_impl/ai/rewards_repository.dart
DA:8,0
DA:10,0
DA:12,0
DA:13,0
DA:16,0
DA:18,0
DA:19,0
DA:22,0
DA:27,0
DA:28,0
DA:29,0
DA:31,0
DA:34,0
DA:43,0
DA:45,0
DA:46,0
DA:47,0
DA:48,0
DA:49,0
DA:50,0
DA:51,0
DA:54,0
LF:22
LH:0
end_of_record
SF:lib/data/repositories_impl/lms/teacher_repository_impl.dart
DA:14,1
DA:16,0
DA:18,0
DA:19,0
DA:22,0
DA:24,0
DA:25,0
DA:28,0
DA:30,0
DA:31,0
DA:32,0
DA:33,0
DA:36,0
DA:43,0
DA:45,0
DA:46,0
DA:47,0
DA:48,0
DA:49,0
DA:52,0
DA:55,1
DA:60,1
DA:61,0
DA:62,1
DA:63,2
DA:64,1
DA:65,3
DA:66,1
DA:67,1
DA:71,0
DA:79,0
DA:81,0
DA:82,0
DA:83,0
DA:84,0
DA:85,0
DA:86,0
DA:89,0
DA:92,0
DA:97,0
DA:98,0
DA:99,0
DA:100,0
DA:101,0
DA:102,0
DA:103,0
DA:104,0
DA:108,0
DA:115,0
DA:116,0
DA:117,0
DA:118,0
DA:119,0
DA:120,0
DA:125,0
DA:127,0
DA:128,0
DA:131,0
DA:139,0
DA:141,0
DA:147,0
DA:148,0
DA:149,0
DA:150,0
DA:151,0
DA:154,0
LF:66
LH:9
end_of_record
SF:lib/data/repositories_impl/content/content_library_repository_impl.dart
DA:16,0
DA:17,0
DA:18,0
DA:19,0
DA:20,0
DA:21,0
DA:22,0
DA:23,0
DA:24,0
DA:25,0
DA:26,0
DA:27,0
DA:31,0
DA:32,0
DA:33,0
DA:34,0
DA:35,0
DA:36,0
DA:37,0
DA:38,0
DA:39,0
DA:43,1
DA:44,1
DA:45,1
DA:46,1
DA:47,1
DA:48,1
DA:49,1
DA:50,1
DA:51,1
DA:52,1
DA:60,1
DA:66,0
DA:74,0
DA:75,0
DA:76,0
DA:77,0
DA:78,0
DA:79,0
DA:81,0
DA:82,0
DA:83,0
DA:84,0
DA:85,0
DA:89,0
DA:94,0
DA:96,0
DA:103,0
DA:116,0
DA:117,0
DA:118,0
DA:122,0
DA:124,0
DA:125,0
DA:127,0
DA:135,0
DA:136,0
DA:137,0
DA:138,0
DA:139,0
DA:140,0
DA:141,0
DA:144,0
DA:146,0
DA:152,0
DA:154,0
DA:156,0
DA:162,0
DA:164,0
DA:165,0
DA:166,0
DA:167,0
DA:170,1
DA:172,1
DA:173,2
DA:175,0
DA:178,3
DA:179,3
DA:180,3
DA:183,0
DA:185,0
DA:186,0
DA:187,0
DA:193,0
DA:195,0
DA:196,0
LF:86
LH:17
end_of_record
SF:lib/data/repositories_impl/lms/quiz_repository_impl.dart
DA:10,0
DA:11,0
DA:12,0
DA:13,0
DA:14,0
DA:15,0
DA:16,0
DA:17,0
DA:18,0
DA:19,0
DA:20,0
DA:21,0
DA:25,0
DA:26,0
DA:27,0
DA:28,0
DA:29,0
DA:30,0
DA:31,0
DA:32,0
DA:33,0
DA:37,1
DA:38,1
DA:39,1
DA:40,1
DA:41,1
DA:42,1
DA:43,1
DA:44,2
DA:45,2
DA:46,1
DA:50,1
DA:51,1
DA:52,1
DA:53,1
DA:54,1
DA:55,1
DA:56,1
DA:57,1
DA:58,2
DA:59,1
DA:60,1
DA:64,0
DA:65,0
DA:66,0
DA:67,0
DA:68,0
DA:69,0
DA:70,0
DA:71,0
DA:79,1
DA:83,0
DA:85,0
DA:86,0
DA:89,0
DA:91,0
DA:92,0
DA:95,0
DA:97,0
DA:98,0
DA:100,0
DA:101,0
DA:104,0
DA:106,0
DA:107,0
DA:110,0
DA:116,0
DA:117,0
DA:118,0
DA:125,0
DA:127,0
DA:130,1
DA:132,3
DA:133,2
DA:134,2
DA:136,1
DA:137,1
DA:139,3
DA:140,1
DA:144,0
DA:147,0
DA:148,0
DA:150,0
DA:154,0
DA:160,0
DA:161,0
DA:162,0
DA:163,0
DA:164,0
DA:165,0
DA:166,0
DA:167,0
DA:168,0
DA:171,0
DA:172,0
DA:175,0
DA:177,0
DA:179,0
LF:98
LH:30
end_of_record
SF:lib/data/repositories_impl/academic/gradebook_repository_impl.dart
DA:10,1
DA:16,1
DA:18,1
DA:19,1
DA:21,0
DA:24,3
DA:25,2
DA:26,2
DA:29,0
DA:31,0
DA:32,0
DA:34,0
DA:37,0
DA:38,0
DA:39,0
DA:42,0
DA:44,0
DA:46,0
DA:47,0
DA:48,0
DA:49,0
DA:50,0
DA:51,0
DA:52,0
DA:53,0
DA:56,0
DA:59,0
DA:60,0
DA:63,0
DA:68,0
DA:69,0
DA:71,0
DA:74,0
DA:75,0
DA:76,0
DA:78,0
DA:79,0
DA:82,0
DA:84,0
DA:85,0
DA:86,0
DA:88,0
DA:89,0
DA:92,0
DA:94,0
DA:95,0
DA:96,0
DA:99,0
DA:104,0
DA:105,0
DA:106,0
DA:107,0
DA:110,0
DA:113,0
DA:115,0
DA:116,0
DA:118,0
DA:121,0
DA:122,0
DA:123,0
DA:126,1
DA:127,2
DA:128,0
DA:131,0
DA:134,1
DA:139,3
DA:142,1
DA:143,1
DA:144,3
DA:145,1
DA:146,1
DA:147,3
DA:148,1
DA:150,1
DA:151,1
DA:152,1
DA:158,1
DA:159,1
DA:160,1
DA:161,1
DA:162,2
DA:163,1
DA:164,1
DA:165,1
DA:169,1
DA:170,2
DA:171,2
DA:173,1
DA:177,1
DA:178,1
DA:179,1
DA:181,2
DA:185,0
DA:186,0
DA:187,0
DA:188,0
DA:189,0
DA:190,0
DA:191,0
DA:192,0
DA:193,0
DA:194,0
DA:195,0
DA:197,0
DA:201,0
DA:202,0
DA:203,0
DA:204,0
DA:205,0
DA:206,0
DA:207,0
DA:208,0
DA:209,0
DA:213,0
DA:214,0
DA:215,0
DA:216,0
DA:217,0
DA:218,0
DA:219,0
DA:221,0
DA:223,0
DA:226,0
DA:230,0
DA:231,0
DA:232,0
DA:233,0
DA:234,0
DA:235,0
DA:236,0
DA:238,0
DA:240,0
DA:242,0
DA:243,0
DA:244,0
DA:245,0
DA:246,0
DA:249,0
DA:250,0
DA:251,0
DA:252,0
DA:253,0
DA:257,0
DA:260,0
DA:263,0
LF:145
LH:37
end_of_record
SF:lib/data/repositories_impl/lms/question_bank_repository_impl.dart
DA:5,0
DA:6,0
DA:7,0
DA:8,0
DA:9,0
DA:13,0
DA:14,0
DA:15,0
DA:16,0
DA:17,0
DA:18,0
DA:19,0
DA:20,0
DA:21,0
DA:22,0
DA:23,0
DA:24,0
DA:25,0
DA:26,0
DA:27,0
DA:28,0
DA:29,0
DA:33,0
DA:36,0
DA:37,0
DA:38,0
DA:39,0
DA:40,0
DA:41,0
DA:42,0
DA:46,0
DA:49,0
DA:50,0
DA:51,0
DA:52,0
DA:53,0
DA:54,0
DA:58,1
DA:59,1
DA:60,1
DA:61,1
DA:62,2
DA:63,4
DA:68,1
DA:69,1
DA:70,1
DA:71,1
DA:72,1
DA:79,1
DA:81,0
DA:91,0
DA:93,0
DA:103,0
DA:106,0
DA:112,0
DA:113,0
DA:114,0
DA:115,0
DA:116,0
DA:119,0
DA:120,0
DA:123,0
DA:125,0
DA:126,0
DA:129,0
DA:136,0
DA:138,0
DA:145,0
DA:148,1
DA:150,2
DA:151,2
LF:71
LH:15
end_of_record
SF:lib/data/repositories_impl/lms/rubric_repository_impl.dart
DA:5,0
DA:6,0
DA:7,0
DA:8,0
DA:9,0
DA:10,0
DA:14,0
DA:15,0
DA:16,0
DA:17,0
DA:18,0
DA:19,0
DA:20,0
DA:21,0
DA:22,0
DA:26,0
DA:27,0
DA:28,0
DA:29,0
DA:30,0
DA:31,0
DA:32,0
DA:33,0
DA:34,0
DA:35,0
DA:36,0
DA:37,0
DA:38,0
DA:39,0
DA:43,0
DA:44,0
DA:45,0
DA:46,0
DA:47,0
DA:48,0
DA:49,0
DA:54,0
DA:55,0
DA:56,0
DA:57,0
DA:58,0
DA:59,0
DA:60,0
DA:61,0
DA:62,0
DA:63,0
DA:64,0
DA:68,0
DA:71,0
DA:72,0
DA:73,0
DA:74,0
DA:75,0
DA:76,0
DA:83,1
DA:85,0
DA:86,0
DA:87,0
DA:88,0
DA:89,0
DA:90,0
DA:91,0
DA:92,0
DA:93,0
DA:94,0
DA:97,0
DA:101,0
DA:103,0
DA:104,0
DA:107,0
DA:109,0
DA:110,0
DA:113,0
DA:120,0
DA:122,0
DA:126,0
DA:129,0
DA:132,0
DA:140,0
DA:141,0
DA:142,0
DA:147,0
DA:150,0
DA:153,0
DA:155,0
DA:156,0
DA:159,1
DA:165,2
DA:166,1
DA:168,1
DA:169,2
DA:170,1
DA:171,1
DA:172,1
DA:176,1
DA:180,4
DA:181,1
DA:182,2
DA:191,0
DA:193,0
DA:194,0
LF:101
LH:13
end_of_record
SF:lib/shared/services/offline_content_manager.dart
DA:29,1
DA:35,0
DA:36,0
DA:51,0
DA:52,0
DA:54,0
DA:60,0
DA:64,0
DA:65,0
DA:66,0
DA:67,0
DA:71,0
DA:72,0
DA:73,0
DA:78,0
DA:79,0
DA:80,0
DA:82,0
DA:83,0
DA:84,0
DA:85,0
DA:88,0
DA:92,0
DA:93,0
DA:94,0
DA:100,0
DA:101,0
DA:103,0
DA:110,0
DA:111,0
DA:112,0
DA:113,0
DA:119,0
DA:120,0
DA:123,0
DA:124,0
DA:125,0
DA:127,0
DA:128,0
DA:129,0
DA:130,0
DA:131,0
DA:133,0
DA:134,0
DA:135,0
DA:138,0
DA:141,0
DA:143,0
DA:145,0
DA:151,0
DA:152,0
DA:153,0
DA:155,0
DA:160,0
DA:162,0
DA:168,0
DA:169,0
DA:170,0
DA:174,0
DA:175,0
DA:176,0
DA:177,0
DA:181,0
DA:185,0
DA:186,0
DA:187,0
DA:192,0
DA:194,0
DA:195,0
DA:196,0
DA:199,0
DA:202,0
DA:203,0
DA:204,0
DA:206,0
DA:210,0
DA:211,0
DA:212,0
DA:216,0
DA:217,0
DA:218,0
DA:221,0
DA:222,0
DA:223,0
DA:230,0
DA:231,0
DA:232,0
DA:233,0
DA:236,0
DA:239,0
DA:240,0
DA:241,0
DA:244,0
DA:245,0
LF:94
LH:1
end_of_record
SF:lib/core/network/signed_url_cache.dart
DA:14,2
DA:20,1
DA:21,1
DA:22,1
DA:25,1
DA:29,1
DA:30,2
DA:31,3
DA:32,2
DA:33,1
DA:36,2
DA:37,2
DA:40,4
DA:41,3
DA:42,3
DA:44,1
DA:48,2
DA:53,2
DA:54,2
DA:59,0
DA:60,0
DA:63,1
DA:64,3
DA:67,0
DA:68,0
DA:69,0
DA:72,0
DA:73,0
DA:74,0
DA:77,0
DA:82,0
DA:84,0
DA:85,0
DA:89,0
DA:90,0
DA:93,0
DA:94,0
DA:95,0
DA:96,0
DA:103,1
DA:104,3
DA:105,1
DA:109,5
DA:112,2
DA:119,1
LF:45
LH:27
end_of_record
SF:lib/shared/services/tts_service.dart
DA:9,0
DA:61,0
DA:64,0
DA:65,0
DA:66,0
DA:68,0
DA:71,0
DA:72,0
DA:73,0
DA:74,0
DA:75,0
DA:76,0
DA:77,0
DA:78,0
DA:81,0
DA:82,0
DA:83,0
DA:84,0
DA:85,0
DA:88,0
DA:89,0
DA:92,0
DA:93,0
DA:94,0
DA:95,0
DA:97,0
DA:98,0
DA:99,0
DA:103,0
DA:104,0
DA:108,0
DA:109,0
DA:110,0
DA:112,0
DA:115,0
DA:116,0
DA:120,0
DA:121,0
DA:122,0
DA:126,0
DA:127,0
DA:128,0
DA:129,0
DA:131,0
DA:132,0
DA:133,0
DA:136,0
DA:137,0
DA:138,0
DA:139,0
DA:142,0
DA:143,0
DA:144,0
DA:145,0
DA:148,0
DA:149,0
DA:150,0
DA:151,0
DA:154,0
DA:155,0
DA:156,0
DA:159,0
DA:160,0
DA:161,0
DA:162,0
LF:65
LH:0
end_of_record
SF:lib/domain/entities/ai/rewards.dart
DA:13,1
DA:26,0
DA:27,0
DA:28,0
DA:29,0
DA:30,0
DA:31,0
DA:32,0
DA:33,0
DA:34,0
DA:35,0
DA:36,0
DA:38,0
DA:52,3
DA:53,3
DA:56,9
DA:59,9
DA:60,12
DA:61,12
DA:62,12
DA:63,12
DA:65,3
DA:66,3
DA:67,0
DA:69,6
DA:72,12
DA:73,6
DA:76,9
DA:78,0
DA:89,0
DA:90,0
DA:91,0
DA:92,0
DA:93,0
DA:94,0
DA:95,0
DA:96,0
DA:97,0
DA:99,0
DA:101,0
DA:102,0
DA:114,0
DA:122,0
DA:123,0
DA:124,0
DA:125,0
DA:126,0
DA:127,0
DA:128,0
LF:49
LH:15
end_of_record
SF:lib/domain/entities/lms/question_bank.dart
DA:6,0
DA:25,0
DA:44,0
DA:55,0
DA:67,1
LF:5
LH:1
end_of_record
SF:lib/domain/entities/lms/rubric.dart
DA:7,0
DA:21,0
DA:40,0
DA:59,0
DA:75,1
DA:89,0
LF:6
LH:1
end_of_record
SF:lib/core/storage/quiz_offline_store.dart
DA:14,1
DA:18,1
DA:21,3
DA:22,1
DA:24,1
DA:25,1
DA:26,1
DA:28,2
DA:35,1
DA:36,1
DA:37,1
DA:40,2
DA:43,1
DA:45,1
DA:46,1
DA:47,1
DA:48,3
DA:50,2
DA:52,2
DA:53,1
DA:57,1
DA:61,1
DA:62,3
DA:63,1
DA:65,1
DA:66,1
DA:67,2
DA:69,1
DA:76,1
DA:77,1
DA:78,1
DA:81,2
DA:84,1
DA:86,3
DA:87,1
DA:88,1
DA:92,1
DA:93,1
DA:94,1
DA:97,2
DA:102,1
DA:103,1
DA:104,1
DA:106,1
DA:108,1
DA:112,1
DA:113,3
DA:115,1
LF:48
LH:48
end_of_record
SF:lib/l10n/app_localizations.dart
DA:20,38
DA:21,19
DA:24,19
DA:25,38
DA:26,17
DA:27,17
DA:31,1
DA:32,1
DA:33,2
DA:37,71
DA:38,6
DA:2154,0
DA:2155,0
DA:2162,17
DA:2165,17
DA:2166,51
DA:2170,17
DA:2171,34
DA:2172,17
LF:19
LH:17
end_of_record
SF:lib/shared/ui/app_theme.dart
DA:8,69
DA:9,23
DA:37,23
DA:41,23
DA:42,23
DA:43,23
DA:48,23
DA:55,23
DA:56,23
DA:57,23
DA:58,23
DA:61,23
DA:62,23
DA:65,23
DA:66,23
DA:69,23
DA:70,23
DA:79,23
DA:80,23
DA:83,23
DA:84,23
DA:86,23
DA:87,34
DA:88,11
DA:89,4
DA:93,23
DA:94,34
DA:95,11
DA:98,11
DA:103,23
DA:104,23
DA:108,23
DA:111,23
DA:116,23
DA:117,23
DA:121,23
DA:124,23
DA:125,2
DA:126,1
DA:132,23
DA:133,23
DA:134,23
DA:135,23
DA:136,23
DA:137,23
DA:138,23
DA:139,23
DA:140,23
LF:48
LH:48
end_of_record
SF:lib/shared/ui/app_theme_dark.dart
DA:8,69
DA:10,23
DA:38,23
DA:41,23
DA:43,23
DA:44,23
DA:49,23
DA:57,23
DA:59,23
DA:60,23
DA:61,23
DA:64,23
DA:65,23
DA:68,23
DA:69,23
DA:72,23
DA:73,23
DA:82,23
DA:84,23
DA:85,23
DA:90,23
DA:91,23
DA:95,23
DA:97,23
DA:98,23
DA:99,2
DA:100,1
DA:106,23
DA:107,23
DA:108,23
DA:109,23
DA:110,23
DA:111,23
DA:112,23
DA:114,23
DA:115,23
LF:36
LH:36
end_of_record
SF:lib/features/academic/skills/skill_analytics_screen.dart
DA:10,1
DA:12,1
DA:14,1
DA:20,1
DA:22,3
DA:23,2
DA:25,1
DA:26,3
DA:27,1
DA:29,1
DA:30,1
DA:31,1
DA:32,4
DA:33,1
DA:34,1
DA:36,1
DA:39,5
DA:40,1
DA:42,1
DA:43,1
DA:44,1
DA:45,1
DA:46,1
DA:50,1
DA:51,2
DA:52,1
DA:53,2
DA:56,1
DA:57,0
DA:58,0
DA:62,1
DA:63,2
DA:64,1
DA:65,1
DA:66,1
DA:67,3
DA:71,3
DA:72,2
DA:74,1
DA:75,2
DA:76,3
DA:80,1
DA:81,1
DA:83,1
DA:84,1
DA:86,4
DA:91,1
DA:92,2
DA:93,2
DA:95,1
DA:97,2
DA:98,3
DA:104,1
DA:106,0
DA:107,0
DA:112,1
DA:113,0
LF:57
LH:52
end_of_record
SF:lib/features/academic/skills/skill_evaluation_screen.dart
DA:13,1
DA:15,1
DA:17,1
DA:26,1
DA:27,1
DA:28,3
DA:30,4
DA:31,1
DA:32,3
DA:34,3
DA:36,1
DA:37,3
DA:42,1
DA:44,3
DA:45,2
DA:47,1
DA:48,3
DA:49,1
DA:50,1
DA:51,4
DA:52,1
DA:54,5
DA:55,1
DA:56,1
DA:57,4
DA:58,1
DA:60,1
DA:61,1
DA:62,1
DA:64,1
DA:65,1
DA:66,1
DA:67,1
DA:68,1
DA:69,1
DA:73,1
DA:74,2
DA:75,1
DA:76,2
DA:79,1
DA:80,0
DA:81,0
DA:82,0
DA:83,0
DA:88,1
DA:89,1
DA:90,1
DA:91,1
DA:95,1
DA:96,2
DA:97,1
DA:98,2
DA:101,1
DA:102,0
DA:103,0
DA:107,1
DA:109,1
DA:110,2
DA:111,1
DA:120,2
DA:127,2
DA:129,1
DA:130,1
DA:131,3
DA:135,3
DA:136,2
DA:138,1
DA:139,2
DA:140,3
DA:148,1
DA:149,0
DA:152,1
DA:153,0
LF:73
LH:65
end_of_record
SF:lib/features/academic/skills/skill_passport_screen.dart
DA:14,1
DA:19,0
DA:20,0
DA:21,0
DA:22,0
DA:24,0
DA:27,1
DA:29,4
DA:30,1
DA:32,1
DA:33,1
DA:34,2
DA:35,1
DA:36,1
DA:37,0
DA:42,1
DA:44,1
DA:45,1
DA:46,2
DA:48,1
DA:49,1
DA:50,1
DA:52,1
DA:54,1
DA:55,1
DA:56,2
DA:57,0
DA:58,1
DA:59,4
DA:64,1
DA:65,1
DA:66,2
DA:74,2
DA:75,2
DA:77,1
DA:78,2
DA:79,3
DA:85,1
DA:86,3
LF:39
LH:32
end_of_record
SF:lib/features/academic/skills/skills_overview_screen.dart
DA:13,1
DA:15,1
DA:17,2
DA:18,1
DA:20,1
DA:21,1
DA:22,2
DA:23,1
DA:24,1
DA:27,1
DA:28,0
DA:32,1
DA:35,1
DA:36,0
DA:42,1
DA:44,1
DA:45,1
DA:46,1
DA:47,2
DA:48,1
DA:50,1
DA:53,1
DA:55,1
DA:56,4
DA:57,1
DA:59,1
DA:61,3
DA:62,2
DA:67,1
DA:68,1
DA:69,2
DA:72,1
DA:73,2
DA:74,2
DA:76,4
DA:77,1
DA:79,1
DA:80,2
DA:81,3
DA:89,1
DA:90,0
DA:100,1
DA:102,1
DA:104,1
DA:105,1
DA:107,1
DA:108,1
DA:109,1
DA:110,1
DA:111,3
DA:112,2
DA:113,1
DA:114,5
DA:115,1
DA:119,2
DA:120,3
DA:121,3
DA:122,2
DA:123,1
DA:124,1
DA:125,3
LF:61
LH:58
end_of_record
SF:lib/features/academic/skills/skills_provider.dart
DA:7,4
DA:8,3
DA:11,4
DA:12,3
DA:15,2
DA:16,2
DA:17,3
DA:20,2
DA:21,2
DA:22,3
DA:23,2
DA:27,2
DA:28,2
DA:29,3
DA:31,2
DA:35,0
DA:36,0
DA:37,0
DA:38,0
DA:40,0
DA:44,2
DA:45,2
DA:46,2
DA:47,2
DA:48,2
DA:49,1
DA:50,1
DA:56,1
DA:57,1
DA:58,1
LF:30
LH:25
end_of_record
SF:lib/shared/ui/tokens/colors.dart
DA:4,0
DA:98,6
DA:131,0
DA:142,0
DA:143,0
DA:144,0
DA:145,0
DA:146,0
DA:147,0
DA:148,0
DA:149,0
DA:150,0
DA:154,5
DA:156,5
DA:160,5
DA:161,15
DA:163,15
DA:164,0
DA:165,15
DA:167,15
DA:168,0
DA:169,15
DA:171,15
DA:172,10
DA:173,10
DA:180,0
DA:227,4
DA:228,4
DA:229,0
LF:29
LH:14
end_of_record
SF:lib/shared/ui/tokens/radii.dart
DA:2,0
LF:1
LH:0
end_of_record
SF:lib/shared/ui/tokens/spacing.dart
DA:2,0
LF:1
LH:0
end_of_record
SF:lib/shared/ui/tokens/typography.dart
DA:4,0
LF:1
LH:0
end_of_record
SF:lib/shared/widgets/app_badge.dart
DA:12,8
DA:18,9
DA:20,9
DA:21,9
DA:23,9
DA:24,9
DA:25,6
DA:26,6
DA:27,6
DA:29,6
DA:30,4
DA:31,4
DA:32,4
DA:34,4
DA:35,1
DA:36,1
DA:37,1
DA:39,3
DA:40,0
DA:41,0
DA:42,0
DA:44,3
DA:45,3
DA:46,3
DA:47,3
DA:51,9
DA:53,18
DA:54,9
DA:55,9
DA:60,9
DA:62,9
DA:63,9
DA:65,9
DA:66,9
DA:67,27
LF:35
LH:32
end_of_record
SF:lib/shared/widgets/app_confirm_dialog.dart
DA:6,0
DA:8,1
DA:17,1
DA:19,1
DA:20,1
DA:21,1
DA:22,0
DA:23,0
DA:24,0
DA:28,1
DA:30,1
DA:31,1
DA:32,1
DA:33,1
DA:34,3
DA:35,1
DA:37,1
DA:39,1
DA:40,1
DA:41,1
DA:42,2
DA:45,1
LF:22
LH:18
end_of_record
SF:lib/shared/widgets/app_currency_text.dart
DA:9,3
DA:16,4
DA:18,4
DA:20,4
DA:21,8
DA:23,4
DA:25,4
DA:26,4
DA:28,13
LF:9
LH:9
end_of_record
SF:lib/shared/widgets/app_data_table.dart
DA:12,1
DA:27,2
DA:36,2
DA:38,2
DA:45,4
DA:46,1
DA:48,1
DA:52,2
DA:55,10
DA:56,2
DA:58,2
DA:59,2
DA:60,2
DA:61,4
DA:62,2
DA:63,2
DA:64,4
DA:67,2
DA:70,2
DA:71,2
DA:72,4
DA:73,2
DA:74,4
DA:75,2
DA:78,5
DA:79,2
DA:80,2
DA:81,4
DA:82,2
DA:83,2
DA:84,4
DA:88,2
LF:32
LH:32
end_of_record
SF:lib/shared/widgets/app_empty_state.dart
DA:11,8
DA:19,10
DA:21,10
DA:23,10
DA:25,27
DA:26,10
DA:27,10
DA:29,10
DA:31,10
DA:32,40
DA:34,40
DA:35,13
DA:37,3
DA:38,3
DA:40,9
DA:41,6
DA:45,11
DA:47,1
LF:18
LH:18
end_of_record
SF:lib/shared/widgets/app_skeleton.dart
DA:15,1
DA:23,4
DA:24,4
DA:29,8
DA:32,4
DA:34,4
DA:36,8
DA:37,4
DA:40,4
DA:42,4
DA:43,8
DA:44,8
DA:46,4
DA:50,4
DA:51,4
DA:52,4
DA:53,4
DA:54,4
DA:55,4
DA:56,4
DA:59,4
DA:65,4
DA:66,8
DA:68,4
DA:71,4
DA:73,4
DA:74,8
DA:75,8
DA:76,4
DA:77,16
DA:79,4
DA:80,8
DA:81,8
DA:82,8
DA:100,4
DA:102,4
DA:104,8
DA:105,16
DA:106,4
DA:116,4
DA:123,4
DA:125,4
DA:126,6
DA:127,6
DA:128,5
DA:129,4
DA:132,4
DA:133,4
DA:134,4
DA:135,3
DA:136,2
DA:139,4
DA:140,4
DA:141,4
DA:142,3
DA:143,2
DA:146,4
DA:147,4
DA:148,4
DA:149,4
DA:150,4
LF:61
LH:61
end_of_record
SF:lib/shared/widgets/app_date_picker.dart
DA:9,0
DA:16,0
DA:18,0
DA:20,0
DA:22,0
DA:24,0
DA:27,0
DA:29,0
DA:30,0
DA:31,0
DA:32,0
DA:33,0
DA:34,0
DA:37,0
DA:38,0
DA:40,0
DA:41,0
DA:51,0
DA:52,0
DA:53,0
DA:56,0
DA:57,0
DA:58,0
DA:62,0
LF:24
LH:0
end_of_record
SF:lib/shared/widgets/app_error_widget.dart
DA:9,5
DA:15,5
DA:17,5
DA:19,5
DA:22,5
DA:23,5
DA:24,5
DA:26,5
DA:28,5
DA:29,5
DA:32,10
DA:35,5
DA:36,5
DA:38,10
DA:40,7
DA:42,2
DA:43,2
LF:17
LH:17
end_of_record
SF:lib/shared/widgets/app_form_field.dart
DA:13,1
DA:25,1
DA:27,1
DA:29,1
DA:30,1
DA:31,1
DA:32,1
DA:33,1
DA:34,1
DA:35,1
DA:36,1
DA:37,2
DA:39,1
DA:40,1
DA:41,1
LF:15
LH:15
end_of_record
SF:lib/shared/widgets/app_stat_card.dart
DA:14,8
DA:23,9
DA:25,9
DA:26,9
DA:27,9
DA:28,18
DA:29,9
DA:30,18
DA:31,2
DA:33,2
DA:34,6
DA:35,8
DA:38,9
DA:40,9
DA:41,9
DA:42,9
DA:44,9
DA:46,9
DA:47,9
DA:48,9
DA:49,18
DA:50,36
DA:53,9
DA:54,36
DA:59,9
DA:60,9
DA:61,27
DA:65,4
DA:67,2
DA:68,2
DA:69,6
DA:71,2
DA:72,6
DA:73,6
DA:74,2
DA:88,9
DA:89,9
DA:90,11
DA:92,4
DA:94,9
DA:96,2
DA:98,8
DA:100,0
DA:102,8
DA:111,2
LF:45
LH:44
end_of_record
SF:lib/shared/widgets/search_filter_bar.dart
DA:12,0
DA:36,2
DA:50,2
DA:52,2
DA:55,2
DA:58,2
DA:60,2
DA:61,2
DA:63,2
DA:64,2
DA:65,2
DA:67,4
DA:68,1
DA:71,3
DA:74,2
DA:75,2
DA:80,2
DA:81,2
DA:82,2
DA:84,6
DA:87,2
DA:90,6
DA:91,1
DA:93,1
DA:96,1
DA:97,3
DA:98,0
DA:99,0
DA:100,0
DA:102,0
DA:104,0
DA:106,0
DA:111,0
DA:113,0
DA:115,0
DA:117,0
DA:118,0
DA:119,0
DA:120,0
DA:121,0
DA:122,0
DA:123,0
DA:126,0
DA:127,0
DA:128,0
DA:130,0
DA:133,0
DA:138,0
DA:141,0
DA:148,0
DA:156,1
DA:157,1
DA:162,1
DA:165,1
DA:166,1
DA:167,1
DA:168,1
DA:169,2
DA:172,1
DA:173,1
DA:178,1
DA:192,0
DA:194,0
DA:195,0
LF:64
LH:36
end_of_record
SF:lib/features/lms/question_bank/generate_quiz_screen.dart
DA:9,1
DA:11,1
DA:12,1
DA:23,1
DA:25,2
DA:26,2
DA:27,2
DA:28,1
DA:31,1
DA:32,3
DA:35,4
DA:36,3
DA:37,1
DA:38,3
DA:39,2
DA:40,1
DA:41,3
DA:42,3
DA:43,1
DA:45,3
DA:47,1
DA:48,3
DA:53,1
DA:55,2
DA:57,1
DA:58,3
DA:59,1
DA:61,1
DA:62,1
DA:63,1
DA:67,1
DA:68,1
DA:75,0
DA:77,0
DA:82,1
DA:83,1
DA:88,1
DA:89,1
DA:95,1
DA:97,1
DA:98,2
DA:99,1
DA:106,2
DA:109,2
DA:111,1
DA:112,3
DA:113,4
DA:118,3
DA:119,2
DA:121,1
DA:122,2
DA:124,4
LF:52
LH:50
end_of_record
SF:lib/features/lms/question_bank/question_bank_import_screen.dart
DA:11,1
DA:13,1
DA:15,1
DA:25,1
DA:27,2
DA:28,1
DA:31,1
DA:32,3
DA:34,1
DA:35,2
DA:36,4
DA:37,3
DA:38,3
DA:39,2
DA:40,2
DA:41,2
DA:44,1
DA:45,3
DA:50,1
DA:52,2
DA:54,1
DA:55,3
DA:56,1
DA:58,1
DA:59,1
DA:60,1
DA:67,1
DA:69,1
DA:70,2
DA:71,1
DA:78,2
DA:81,3
DA:83,1
DA:94,1
DA:95,5
DA:105,3
DA:107,3
LF:37
LH:37
end_of_record
SF:lib/features/lms/question_bank/question_bank_screen.dart
DA:12,1
DA:14,2
DA:15,2
DA:21,0
DA:22,0
DA:23,0
DA:24,0
DA:25,0
DA:29,0
DA:30,0
DA:31,0
DA:32,0
DA:33,0
DA:35,0
DA:36,0
DA:38,0
DA:39,0
DA:44,0
DA:59,0
DA:61,0
DA:66,0
DA:74,0
DA:76,0
DA:81,0
DA:88,0
DA:94,0
DA:103,0
DA:104,0
DA:105,0
DA:106,0
DA:108,0
DA:109,0
DA:118,0
DA:119,0
DA:120,0
DA:121,0
DA:122,0
DA:126,0
DA:128,0
DA:129,0
DA:132,0
DA:133,0
DA:135,0
DA:136,0
DA:137,0
DA:138,0
DA:139,0
DA:140,0
DA:142,0
DA:143,0
DA:144,0
DA:145,0
DA:149,0
DA:150,0
DA:151,0
DA:152,0
DA:153,0
DA:157,2
DA:159,6
DA:160,6
DA:161,4
DA:165,2
DA:166,2
DA:167,4
DA:168,2
DA:169,2
DA:170,0
DA:172,2
DA:174,2
DA:175,0
DA:177,2
DA:181,2
DA:182,2
DA:183,2
DA:184,4
DA:186,2
DA:187,2
DA:188,2
DA:189,2
DA:191,4
DA:196,2
DA:197,2
DA:199,6
DA:206,2
DA:207,0
DA:209,2
DA:211,2
DA:212,2
DA:213,2
DA:214,2
DA:218,0
DA:219,0
DA:220,0
DA:221,0
DA:226,2
DA:227,2
DA:228,6
DA:231,2
DA:232,4
DA:234,2
DA:237,2
DA:238,0
DA:239,0
DA:245,2
DA:246,2
DA:248,6
DA:251,2
DA:252,4
DA:254,2
DA:257,2
DA:258,0
DA:259,0
DA:260,0
DA:261,0
DA:269,2
DA:270,2
DA:271,2
DA:272,2
DA:278,2
DA:279,0
DA:280,0
DA:281,0
DA:283,2
DA:285,2
DA:286,2
DA:287,2
DA:288,2
DA:290,2
DA:292,2
DA:294,2
DA:295,2
DA:296,2
DA:297,2
DA:298,2
DA:299,2
DA:300,2
DA:301,2
DA:302,2
DA:303,2
DA:308,2
DA:309,2
DA:310,2
DA:311,2
DA:312,2
DA:319,2
DA:322,2
DA:323,4
DA:324,4
DA:325,4
DA:326,4
DA:338,2
DA:339,0
DA:344,2
DA:345,4
DA:346,2
LF:155
LH:84
end_of_record
SF:lib/features/lms/question_bank/question_bank_provider.dart
DA:6,8
DA:7,8
DA:8,4
DA:9,4
DA:11,4
DA:12,4
DA:13,6
DA:14,4
DA:15,4
DA:16,4
DA:20,4
DA:21,4
DA:22,6
LF:13
LH:13
end_of_record
SF:lib/features/ai/rewards/rewards_screen.dart
DA:17,1
DA:19,1
DA:21,2
DA:22,3
DA:33,2
DA:35,1
DA:37,1
DA:46,1
DA:47,1
DA:48,0
DA:49,0
DA:50,0
DA:52,2
DA:53,0
DA:54,1
DA:56,1
DA:57,1
DA:59,1
DA:61,1
DA:63,1
DA:65,1
DA:77,1
DA:79,1
DA:81,1
DA:83,1
DA:85,1
DA:94,1
DA:96,1
DA:98,1
DA:99,1
DA:101,3
DA:107,1
DA:109,3
DA:110,1
DA:124,1
DA:126,1
DA:128,1
DA:135,1
DA:136,1
DA:138,3
DA:142,1
DA:144,3
DA:148,1
DA:150,3
DA:154,1
DA:156,4
DA:171,1
DA:178,1
DA:180,1
DA:182,1
DA:184,1
DA:186,1
DA:187,3
DA:189,1
DA:192,1
DA:193,1
DA:196,1
DA:197,2
DA:198,1
DA:200,3
DA:202,1
DA:203,1
DA:204,3
DA:209,1
DA:210,1
DA:211,3
DA:212,2
DA:224,1
DA:226,0
DA:228,0
DA:230,0
DA:232,0
DA:234,0
DA:236,0
DA:238,0
DA:239,0
DA:241,0
DA:246,0
DA:247,0
DA:249,0
DA:250,0
DA:254,0
DA:257,0
DA:258,0
DA:259,0
DA:261,0
DA:264,0
LF:87
LH:64
end_of_record
SF:lib/features/ai/rewards/rewards_provider.dart
DA:10,3
DA:12,12
DA:15,0
DA:16,0
DA:17,0
DA:18,0
DA:22,0
DA:29,0
DA:30,0
DA:34,0
DA:36,0
DA:44,0
DA:46,0
DA:50,0
DA:58,0
DA:66,0
DA:75,6
DA:76,3
LF:18
LH:4
end_of_record
SF:lib/features/ai/rewards/widgets/level_badge.dart
DA:11,3
DA:17,3
DA:19,3
DA:21,3
DA:22,6
DA:23,3
DA:25,6
DA:26,3
DA:27,3
DA:29,3
DA:30,3
DA:31,3
DA:37,3
DA:38,3
DA:39,12
DA:41,3
DA:42,3
DA:44,3
DA:45,3
DA:46,9
DA:47,9
DA:53,3
DA:54,15
DA:55,9
DA:56,6
DA:60,3
DA:61,3
DA:62,3
DA:63,6
DA:64,3
DA:70,3
DA:71,18
DA:72,9
DA:73,3
DA:90,3
DA:92,3
DA:94,3
DA:95,3
DA:97,3
DA:100,3
DA:110,3
DA:111,3
DA:112,3
DA:118,3
DA:119,3
DA:120,6
DA:121,3
LF:47
LH:47
end_of_record
SF:lib/features/ai/rewards/widgets/star_counter.dart
DA:12,1
DA:14,2
DA:17,6
DA:18,2
DA:20,2
DA:21,2
DA:23,2
DA:24,2
DA:25,5
DA:26,2
DA:27,2
DA:35,2
DA:36,2
DA:38,2
DA:50,1
DA:55,1
DA:56,1
DA:57,1
DA:58,2
DA:60,1
DA:62,1
LF:21
LH:21
end_of_record
SF:lib/features/ai/rewards/widgets/streak_card.dart
DA:10,2
DA:15,2
DA:17,2
DA:18,4
DA:19,4
DA:20,2
DA:24,2
DA:26,2
DA:27,2
DA:28,2
DA:29,4
DA:31,2
DA:32,2
DA:33,2
DA:36,2
DA:38,2
DA:45,2
DA:46,2
DA:48,2
DA:49,2
DA:51,6
DA:57,2
DA:59,6
DA:60,4
LF:24
LH:24
end_of_record
SF:lib/shared/ui/widgets/kids_skeleton_layouts.dart
DA:17,0
DA:19,0
DA:21,0
DA:23,0
DA:25,0
DA:33,0
DA:35,0
DA:37,0
DA:38,0
DA:71,1
DA:73,1
DA:147,0
DA:149,1
DA:188,0
DA:190,0
DA:192,0
DA:194,0
DA:195,0
DA:196,0
DA:197,0
LF:20
LH:3
end_of_record
SF:lib/features/academic/student/program_history_screen.dart
DA:34,1
DA:36,1
DA:38,1
DA:44,1
DA:49,0
DA:51,0
DA:52,1
DA:54,1
DA:55,1
DA:57,1
DA:58,2
DA:59,2
DA:60,1
DA:62,1
DA:66,0
DA:69,1
DA:73,0
DA:74,0
DA:75,0
DA:76,0
DA:80,3
DA:82,0
DA:86,0
DA:87,0
DA:90,0
DA:92,0
DA:93,0
DA:94,0
DA:97,0
DA:98,0
DA:99,0
DA:105,0
DA:108,0
DA:110,0
DA:111,0
DA:112,0
DA:118,0
DA:119,0
DA:120,0
DA:121,0
DA:125,0
DA:129,0
DA:130,0
DA:131,0
DA:132,0
DA:134,0
DA:140,0
DA:141,0
DA:143,0
DA:144,0
DA:145,0
DA:147,0
DA:148,0
DA:155,0
DA:156,0
DA:158,0
DA:159,0
DA:161,0
DA:166,0
DA:170,0
DA:171,0
DA:172,0
DA:173,0
DA:174,0
DA:175,0
DA:176,0
DA:177,0
DA:179,0
DA:181,0
DA:188,0
DA:192,0
DA:193,0
DA:194,0
DA:195,0
DA:196,0
DA:197,0
DA:198,0
DA:199,0
DA:201,0
DA:206,1
DA:208,2
DA:209,6
DA:210,6
DA:211,6
DA:212,6
DA:213,1
DA:217,1
DA:218,1
DA:219,2
DA:220,1
DA:223,1
DA:224,1
DA:225,2
DA:227,1
DA:228,0
DA:229,0
DA:230,0
DA:231,0
DA:232,0
DA:233,0
DA:234,0
DA:235,0
DA:236,0
DA:237,0
DA:238,0
DA:239,0
DA:240,0
DA:241,0
DA:244,1
DA:246,1
DA:247,1
DA:248,2
DA:252,1
DA:254,1
DA:255,1
DA:256,1
DA:258,0
DA:259,0
DA:262,2
DA:264,1
DA:266,2
DA:268,1
DA:270,2
DA:272,1
DA:275,1
DA:277,0
DA:278,0
DA:279,0
DA:280,0
DA:293,1
DA:308,1
DA:318,1
DA:320,1
DA:321,1
DA:323,1
DA:324,1
DA:325,3
DA:327,1
DA:329,1
DA:331,1
DA:332,1
DA:333,2
DA:334,3
DA:339,1
DA:340,1
DA:341,2
DA:342,4
DA:343,3
DA:344,2
DA:348,1
DA:351,1
DA:352,1
DA:353,4
DA:354,1
DA:361,1
DA:362,1
DA:363,0
DA:364,2
DA:367,1
DA:369,4
DA:370,1
DA:377,1
DA:378,1
DA:379,0
DA:380,2
DA:394,1
DA:396,1
DA:398,1
DA:399,1
DA:400,1
DA:401,3
DA:414,1
DA:416,1
DA:418,1
DA:419,2
DA:425,2
DA:426,0
DA:428,3
DA:429,3
DA:432,3
DA:433,1
DA:435,1
DA:436,2
DA:437,1
DA:439,1
DA:440,1
DA:441,3
DA:442,2
DA:447,3
DA:448,1
DA:454,1
DA:455,1
DA:456,2
DA:457,1
DA:458,1
DA:459,2
DA:460,1
DA:461,1
DA:462,1
DA:465,2
DA:467,2
DA:476,1
DA:482,1
DA:484,1
DA:486,1
DA:487,2
DA:488,3
DA:489,1
DA:492,1
DA:493,1
DA:494,3
DA:496,1
DA:498,1
DA:499,1
DA:500,1
DA:501,1
DA:503,1
DA:504,1
DA:505,2
DA:506,0
DA:507,2
DA:510,1
DA:511,5
DA:512,3
DA:513,2
DA:516,0
DA:518,0
DA:519,0
DA:520,0
DA:529,1
DA:530,5
DA:532,2
DA:533,0
DA:545,1
DA:547,1
DA:549,1
DA:551,1
DA:552,2
DA:553,1
DA:555,4
DA:566,1
DA:568,1
DA:570,2
DA:576,2
DA:577,0
DA:579,3
DA:580,3
DA:582,0
DA:584,0
DA:585,0
DA:594,0
DA:596,0
DA:598,0
DA:599,0
DA:600,0
DA:603,0
DA:604,0
DA:605,0
DA:607,0
DA:609,0
DA:611,0
DA:612,0
DA:614,0
DA:615,0
DA:616,0
DA:617,0
DA:621,0
DA:622,0
DA:623,0
DA:624,0
DA:629,0
DA:631,0
DA:632,0
DA:633,0
DA:635,0
DA:654,1
DA:663,1
DA:665,1
DA:666,2
DA:672,2
DA:673,0
DA:675,3
DA:676,3
DA:679,1
DA:681,1
DA:682,2
DA:683,1
DA:686,1
DA:687,1
DA:688,3
DA:690,1
DA:692,1
DA:694,1
DA:695,1
DA:697,1
DA:698,1
DA:699,1
DA:700,2
DA:701,3
DA:706,1
DA:707,3
DA:708,3
DA:709,2
DA:715,1
DA:716,6
DA:717,3
DA:718,2
DA:722,1
DA:725,1
DA:726,1
DA:727,1
DA:728,0
DA:730,3
DA:731,1
DA:738,1
DA:739,3
DA:740,1
DA:741,2
DA:744,1
DA:745,1
DA:746,0
DA:748,3
DA:749,1
DA:756,1
DA:757,3
DA:758,1
DA:759,2
DA:773,1
DA:775,1
DA:776,3
DA:777,1
DA:778,6
DA:780,1
DA:785,1
DA:787,1
DA:789,1
DA:790,1
DA:792,1
DA:793,1
DA:794,1
DA:795,3
DA:796,2
DA:806,0
DA:808,0
DA:810,0
DA:811,0
DA:813,0
DA:814,0
DA:815,0
DA:817,0
DA:818,0
DA:819,0
DA:820,0
LF:353
LH:216
end_of_record
SF:lib/features/academic/student/program_history_provider.dart
DA:26,1
DA:32,0
DA:38,0
DA:39,0
DA:40,0
DA:41,0
DA:50,1
DA:51,1
DA:52,1
DA:55,1
DA:56,1
DA:58,3
DA:59,2
DA:60,2
DA:62,0
DA:66,0
DA:67,0
DA:71,3
DA:73,2
DA:84,1
DA:95,1
DA:96,1
DA:97,1
DA:100,1
DA:101,1
DA:103,3
DA:104,2
DA:105,2
DA:107,0
DA:111,0
DA:112,0
DA:113,0
DA:114,0
DA:115,0
DA:119,3
DA:121,2
DA:132,1
DA:143,1
DA:144,1
DA:145,1
DA:148,1
DA:149,1
DA:151,3
DA:152,2
DA:153,2
DA:155,0
DA:159,0
DA:160,0
DA:161,0
DA:162,0
DA:163,0
DA:167,3
DA:169,2
DA:180,1
DA:191,1
DA:192,1
DA:193,1
DA:196,1
DA:197,1
DA:199,3
DA:200,2
DA:201,2
DA:203,0
DA:207,0
DA:208,0
DA:209,0
DA:210,0
DA:211,0
DA:215,3
DA:217,2
LF:70
LH:44
end_of_record
SF:lib/features/academic/student/transcript_pdf_screen.dart
DA:15,0
DA:21,0
DA:22,0
DA:25,0
DA:26,0
DA:27,0
DA:30,0
DA:31,0
DA:35,0
DA:37,0
DA:38,0
DA:39,0
DA:41,0
DA:42,0
DA:43,0
DA:44,0
DA:45,0
DA:46,0
DA:48,0
DA:50,0
DA:51,0
DA:53,0
DA:57,0
DA:58,0
DA:59,0
LF:25
LH:0
end_of_record
SF:lib/features/user/student/widgets/current_program_card.dart
DA:23,1
DA:29,1
DA:31,1
DA:32,1
DA:33,4
DA:35,1
DA:37,1
DA:38,1
DA:39,3
DA:41,1
DA:43,1
DA:47,1
DA:50,0
DA:51,0
DA:52,0
DA:57,1
DA:62,1
DA:64,1
DA:71,1
DA:72,0
DA:73,0
DA:74,0
DA:76,0
DA:77,0
DA:78,0
DA:79,0
DA:86,2
DA:88,1
DA:90,1
DA:91,1
DA:92,1
DA:93,3
DA:94,2
DA:99,1
DA:100,1
DA:101,3
DA:102,2
DA:105,1
DA:106,1
DA:107,1
DA:108,3
DA:113,1
DA:114,3
DA:115,3
DA:116,2
LF:45
LH:35
end_of_record
SF:lib/features/billing/budgets/budget_detail_screen.dart
DA:14,1
DA:19,1
DA:21,4
DA:22,1
DA:24,1
DA:25,3
DA:26,1
DA:29,1
DA:30,2
DA:32,1
DA:33,1
DA:34,1
DA:36,1
DA:38,1
DA:39,1
DA:40,2
DA:41,2
DA:42,2
DA:45,1
DA:46,1
DA:47,1
DA:48,2
DA:49,2
DA:50,2
DA:57,1
DA:58,0
DA:69,1
DA:74,1
DA:76,1
DA:77,1
DA:78,3
DA:79,3
DA:82,1
DA:83,3
DA:84,3
DA:87,1
DA:88,3
DA:89,3
DA:94,1
DA:95,1
DA:97,1
DA:99,1
DA:100,1
DA:101,3
DA:102,4
DA:107,1
DA:109,1
DA:110,1
DA:111,1
DA:112,1
DA:113,1
DA:120,1
DA:121,1
DA:124,1
DA:125,1
DA:126,2
DA:127,3
DA:129,1
DA:130,3
DA:131,3
DA:134,1
DA:135,2
DA:136,3
DA:138,1
DA:139,3
DA:140,3
DA:158,1
DA:160,1
DA:162,2
DA:168,1
DA:170,2
DA:171,1
DA:172,2
DA:173,1
DA:175,1
DA:176,2
DA:177,1
DA:178,5
DA:180,2
DA:191,1
DA:193,1
DA:195,2
DA:201,1
DA:203,2
DA:204,1
DA:205,2
DA:206,1
DA:208,1
DA:209,2
DA:210,2
DA:211,2
DA:222,1
DA:224,1
DA:226,2
DA:232,1
DA:234,2
DA:235,1
DA:236,2
DA:237,1
DA:239,1
DA:240,2
DA:241,2
DA:242,1
DA:245,1
DA:246,2
DA:248,1
DA:249,1
DA:250,1
DA:251,1
DA:252,1
DA:253,0
LF:111
LH:109
end_of_record
SF:lib/features/billing/budgets/budget_list_screen.dart
DA:12,1
DA:14,1
DA:16,2
DA:17,2
DA:18,1
DA:20,1
DA:21,1
DA:22,2
DA:23,1
DA:24,1
DA:26,1
DA:27,1
DA:28,0
DA:34,1
DA:36,1
DA:37,1
DA:38,0
DA:39,0
DA:40,0
DA:42,1
DA:44,1
DA:45,1
DA:46,2
DA:48,1
DA:51,1
DA:52,1
DA:54,1
DA:55,1
DA:56,2
DA:60,1
DA:62,1
DA:63,1
DA:64,2
DA:68,1
DA:70,1
DA:71,1
DA:72,2
DA:79,1
DA:80,0
DA:83,1
DA:84,1
DA:85,1
DA:86,1
DA:88,1
DA:91,1
DA:93,3
DA:94,1
DA:97,1
DA:98,2
DA:99,1
DA:100,0
DA:115,1
DA:120,1
DA:122,1
DA:123,1
DA:125,5
DA:126,1
DA:128,1
DA:129,1
DA:130,0
DA:131,1
DA:133,1
DA:135,1
DA:136,1
DA:137,1
DA:138,1
DA:139,1
DA:140,2
DA:141,3
DA:146,1
DA:147,2
DA:148,2
DA:149,1
DA:150,0
DA:151,0
DA:158,1
DA:159,2
DA:160,3
DA:161,2
DA:165,1
DA:166,1
DA:167,1
DA:168,1
DA:170,1
DA:171,1
DA:172,2
DA:173,2
DA:175,1
DA:176,2
DA:177,2
DA:182,1
DA:183,1
DA:185,1
DA:186,1
DA:187,2
DA:188,2
DA:190,1
DA:191,2
DA:192,2
LF:99
LH:90
end_of_record
SF:lib/features/billing/budgets/budget_request_screen.dart
DA:11,1
DA:13,1
DA:15,1
DA:25,1
DA:27,2
DA:28,2
DA:29,2
DA:30,1
DA:33,1
DA:34,4
DA:37,5
DA:38,1
DA:39,3
DA:40,3
DA:41,3
DA:43,1
DA:44,3
DA:47,2
DA:48,2
DA:49,2
DA:52,1
DA:54,3
DA:55,3
DA:56,3
DA:57,2
DA:59,1
DA:60,3
DA:61,1
DA:64,1
DA:65,0
DA:66,0
DA:67,0
DA:69,1
DA:71,1
DA:72,1
DA:73,1
DA:74,2
DA:75,3
DA:77,1
DA:78,1
DA:80,1
DA:81,1
DA:82,1
DA:83,1
DA:84,1
DA:85,1
DA:86,1
DA:87,1
DA:91,1
DA:92,2
DA:93,1
DA:94,2
DA:97,1
DA:98,0
DA:99,0
DA:100,0
DA:105,1
DA:106,1
DA:115,1
DA:116,1
DA:117,1
DA:124,1
DA:125,1
DA:130,1
DA:131,2
DA:138,1
DA:139,1
DA:148,1
DA:150,1
DA:152,2
DA:153,1
DA:162,2
DA:171,1
DA:172,0
DA:175,1
DA:177,4
DA:182,1
DA:183,1
DA:184,1
DA:185,0
DA:187,0
DA:190,1
DA:192,1
DA:193,2
DA:195,2
DA:196,0
DA:197,0
DA:198,0
DA:200,2
DA:201,0
DA:202,0
DA:203,0
DA:207,1
DA:210,1
DA:211,0
DA:226,1
DA:232,1
DA:234,1
DA:236,1
DA:238,1
DA:240,1
DA:241,1
DA:242,1
DA:243,1
DA:244,1
DA:245,2
DA:246,3
DA:249,1
DA:250,2
DA:251,2
DA:252,1
DA:253,1
DA:254,0
DA:261,5
DA:262,1
DA:263,1
DA:264,1
DA:265,3
DA:267,1
DA:268,1
DA:269,1
DA:272,1
DA:273,1
DA:274,1
LF:124
LH:107
end_of_record
SF:lib/features/billing/budgets/budgets_provider.dart
DA:6,4
DA:7,3
DA:10,4
DA:11,3
DA:14,4
DA:15,3
DA:18,2
DA:19,2
DA:20,2
DA:21,2
DA:22,1
DA:23,1
DA:24,1
DA:25,2
DA:26,1
DA:29,1
DA:30,1
DA:31,1
DA:32,1
DA:33,1
DA:34,1
DA:39,1
DA:42,1
DA:48,1
DA:49,3
DA:50,5
DA:57,3
DA:58,4
DA:62,0
DA:63,0
DA:64,0
DA:65,0
DA:66,0
DA:70,0
DA:71,0
DA:72,0
DA:73,0
DA:74,0
DA:79,2
DA:80,1
LF:40
LH:30
end_of_record
SF:lib/features/admin/compliance/compliance_dashboard_screen.dart
DA:10,1
DA:12,2
DA:14,4
DA:15,2
DA:17,2
DA:18,6
DA:19,2
DA:21,2
DA:22,2
DA:23,4
DA:25,2
DA:26,2
DA:29,2
DA:30,2
DA:31,2
DA:32,2
DA:34,2
DA:35,2
DA:36,2
DA:38,2
DA:39,2
DA:40,2
DA:45,4
DA:46,4
DA:48,8
DA:49,2
DA:51,2
DA:52,4
DA:53,8
DA:60,2
DA:61,0
DA:72,2
DA:77,2
DA:79,2
DA:80,8
DA:81,2
DA:83,2
DA:84,2
DA:86,2
DA:87,2
DA:88,2
DA:91,2
DA:93,2
DA:94,2
DA:95,6
DA:98,8
DA:103,4
LF:47
LH:46
end_of_record
SF:lib/features/admin/compliance/curriculum_mapping_screen.dart
DA:11,1
DA:13,1
DA:15,1
DA:23,1
DA:25,2
DA:26,1
DA:29,0
DA:30,0
DA:33,0
DA:34,0
DA:35,0
DA:37,0
DA:38,0
DA:39,0
DA:44,1
DA:46,3
DA:47,3
DA:48,2
DA:50,1
DA:51,3
DA:52,1
DA:54,1
DA:55,1
DA:57,1
DA:58,1
DA:59,1
DA:60,4
DA:61,1
DA:62,1
DA:64,1
DA:65,1
DA:66,1
DA:67,1
DA:73,1
DA:74,2
DA:75,1
DA:76,2
DA:79,1
DA:80,0
DA:81,0
DA:85,1
DA:86,1
DA:93,1
DA:95,1
DA:96,1
DA:98,2
DA:106,1
DA:107,0
DA:110,1
DA:111,1
DA:112,1
DA:113,1
DA:115,1
DA:118,1
DA:120,1
DA:121,2
DA:123,1
DA:124,2
DA:125,2
DA:129,1
DA:132,1
DA:133,0
LF:62
LH:50
end_of_record
SF:lib/features/admin/compliance/compliance_provider.dart
DA:6,8
DA:7,6
DA:10,4
DA:11,4
DA:12,6
DA:13,4
DA:17,2
DA:18,2
DA:19,3
DA:22,2
DA:23,2
DA:24,3
DA:27,0
DA:28,0
DA:29,0
DA:30,0
DA:31,0
LF:17
LH:12
end_of_record
SF:lib/features/communication/messages/chat_screen.dart
DA:19,1
DA:21,1
DA:22,1
DA:30,1
DA:32,1
DA:34,3
DA:35,2
DA:36,0
DA:37,0
DA:38,0
DA:39,0
DA:41,0
DA:47,1
DA:49,2
DA:50,2
DA:51,2
DA:52,1
DA:55,1
DA:56,3
DA:57,2
DA:58,2
DA:59,3
DA:67,1
DA:69,6
DA:70,2
DA:71,4
DA:72,1
DA:75,2
DA:76,1
DA:79,1
DA:80,3
DA:81,1
DA:83,1
DA:84,1
DA:85,1
DA:87,1
DA:88,1
DA:90,1
DA:91,0
DA:92,2
DA:93,1
DA:94,1
DA:95,1
DA:96,3
DA:97,2
DA:101,1
DA:102,1
DA:107,2
DA:108,1
DA:109,2
DA:110,2
DA:111,1
DA:119,1
DA:121,1
DA:122,2
DA:123,1
DA:124,2
DA:127,1
DA:129,1
DA:130,1
DA:131,1
DA:132,1
DA:134,1
DA:135,1
DA:136,1
DA:139,1
DA:140,1
DA:141,1
DA:142,1
DA:143,2
DA:152,0
DA:157,1
DA:159,1
DA:160,1
DA:161,2
DA:162,1
DA:182,1
DA:183,3
DA:184,1
DA:185,2
DA:186,8
DA:194,1
DA:196,1
DA:198,1
DA:201,3
DA:202,2
DA:205,1
DA:207,4
DA:208,1
DA:209,1
DA:210,1
DA:211,1
DA:212,4
DA:216,1
DA:217,1
DA:218,0
DA:219,2
DA:220,1
DA:223,2
DA:224,2
DA:227,1
DA:229,1
DA:230,1
DA:231,2
DA:232,1
DA:233,1
DA:234,0
DA:235,2
DA:240,1
DA:242,1
DA:243,1
DA:245,1
DA:247,1
DA:248,0
DA:249,2
DA:252,1
DA:254,0
DA:257,0
LF:118
LH:106
end_of_record
SF:lib/features/communication/messages/conversations_screen.dart
DA:16,1
DA:18,1
DA:20,2
DA:21,1
DA:22,3
DA:24,1
DA:25,3
DA:26,1
DA:28,1
DA:29,1
DA:30,0
DA:34,1
DA:36,1
DA:37,1
DA:42,1
DA:49,1
DA:51,1
DA:54,1
DA:55,0
DA:56,0
DA:58,0
DA:59,0
DA:61,0
DA:63,0
DA:64,0
DA:65,0
DA:71,2
DA:72,0
DA:73,0
DA:75,0
DA:76,0
DA:79,0
DA:82,0
DA:88,1
DA:89,0
DA:90,1
DA:91,2
DA:92,1
DA:93,2
DA:94,1
DA:98,0
DA:105,0
DA:110,0
DA:111,0
DA:112,0
DA:114,0
DA:117,0
DA:118,0
DA:122,0
DA:124,0
DA:126,0
DA:127,0
DA:128,0
DA:129,0
DA:132,0
DA:134,0
DA:135,0
DA:140,0
DA:142,0
DA:143,0
DA:148,0
DA:151,0
DA:152,0
DA:157,0
DA:159,0
DA:161,0
DA:162,0
DA:163,0
DA:164,0
DA:165,0
DA:169,0
DA:170,0
DA:172,0
DA:174,0
DA:175,0
DA:176,0
DA:178,0
DA:181,0
DA:182,0
DA:183,0
DA:185,0
DA:186,0
DA:187,0
DA:192,0
DA:209,1
DA:216,1
DA:218,1
DA:219,3
DA:220,2
DA:221,0
DA:224,2
DA:226,1
DA:227,3
DA:230,1
DA:233,9
DA:234,1
DA:235,1
DA:237,1
DA:238,2
DA:239,1
DA:240,3
DA:241,2
DA:245,1
DA:246,2
DA:249,1
DA:250,3
DA:255,1
DA:257,1
DA:258,2
DA:259,1
DA:260,4
DA:261,0
DA:262,2
DA:265,3
DA:267,3
DA:270,1
DA:272,3
DA:276,1
DA:279,1
DA:280,3
DA:281,4
DA:283,1
DA:285,1
DA:286,2
DA:287,1
DA:289,1
DA:290,3
DA:291,1
DA:294,2
DA:301,1
DA:306,0
DA:308,0
DA:309,0
DA:310,0
LF:134
LH:68
end_of_record
SF:lib/features/communication/messages/messages_provider.dart
DA:21,1
DA:34,1
DA:35,1
DA:36,1
DA:39,1
DA:40,1
DA:43,3
DA:44,1
DA:46,0
DA:47,0
DA:49,0
DA:52,1
DA:54,0
DA:58,1
DA:60,3
DA:62,2
DA:63,3
DA:66,3
DA:67,1
DA:69,1
DA:73,2
DA:75,1
DA:76,1
DA:79,0
DA:80,0
DA:85,0
DA:86,0
DA:87,0
DA:90,0
DA:91,0
DA:92,0
DA:93,0
DA:94,0
DA:95,0
DA:99,0
DA:100,0
DA:101,0
DA:102,0
DA:103,0
DA:109,2
DA:110,2
DA:111,1
DA:122,1
DA:134,1
DA:135,1
DA:136,1
DA:139,1
DA:140,1
DA:142,3
DA:143,1
DA:144,2
DA:145,1
DA:148,5
DA:150,2
DA:153,1
DA:154,3
DA:156,1
DA:157,2
DA:158,1
DA:165,0
DA:169,1
DA:170,4
DA:172,3
DA:173,1
DA:174,2
DA:175,1
DA:177,2
DA:178,6
DA:180,0
DA:184,0
DA:185,0
DA:186,0
DA:191,2
DA:192,1
DA:193,2
DA:205,1
DA:217,0
DA:218,0
DA:219,0
DA:222,0
DA:223,0
DA:226,0
DA:227,0
DA:229,0
DA:230,0
DA:231,0
DA:234,0
DA:236,0
DA:240,0
DA:242,0
DA:243,0
DA:244,0
DA:246,0
DA:247,0
DA:249,0
DA:253,0
DA:255,0
DA:256,0
DA:259,0
DA:260,0
DA:265,0
DA:266,0
DA:267,0
DA:271,0
DA:272,0
DA:273,0
LF:106
LH:51
end_of_record
SF:lib/features/billing/invoices/invoice_detail_screen.dart
DA:18,1
DA:23,1
DA:25,1
DA:34,0
DA:35,0
DA:36,0
DA:39,0
DA:40,0
DA:41,0
DA:42,0
DA:43,0
DA:44,0
DA:46,0
DA:48,0
DA:49,0
DA:57,0
DA:67,0
DA:69,0
DA:76,0
DA:77,0
DA:78,0
DA:81,0
DA:82,0
DA:92,0
DA:94,0
DA:97,0
DA:98,0
DA:99,0
DA:103,0
DA:104,0
DA:105,0
DA:106,0
DA:110,0
DA:111,0
DA:113,0
DA:117,0
DA:118,0
DA:119,0
DA:122,0
DA:124,0
DA:126,0
DA:128,0
DA:129,0
DA:130,0
DA:134,0
DA:135,0
DA:140,0
DA:142,0
DA:143,0
DA:144,0
DA:145,0
DA:146,0
DA:147,0
DA:153,0
DA:155,0
DA:156,0
DA:157,0
DA:160,0
DA:161,0
DA:170,0
DA:171,0
DA:172,0
DA:174,0
DA:176,0
DA:177,0
DA:180,0
DA:181,0
DA:182,0
DA:183,0
DA:186,0
DA:187,0
DA:188,0
DA:191,0
DA:195,0
DA:196,0
DA:197,0
DA:199,0
DA:201,0
DA:202,0
DA:203,0
DA:204,0
DA:205,0
DA:206,0
DA:207,0
DA:208,0
DA:212,0
DA:213,0
DA:214,0
DA:217,0
DA:221,1
DA:223,6
DA:224,2
DA:226,1
DA:227,1
DA:228,2
DA:229,1
DA:230,1
DA:231,2
DA:232,1
DA:242,1
DA:243,2
DA:244,0
DA:245,0
DA:247,1
DA:249,1
DA:250,1
DA:251,1
DA:253,1
DA:255,1
DA:256,1
DA:257,2
DA:258,2
DA:259,2
DA:260,4
DA:265,1
DA:266,2
DA:267,2
DA:268,3
DA:270,2
DA:272,0
DA:273,0
DA:281,1
DA:282,1
DA:283,4
DA:288,3
DA:289,2
DA:291,1
DA:292,2
DA:293,1
DA:294,6
DA:296,1
DA:297,1
DA:298,2
DA:303,1
DA:304,1
DA:305,1
DA:306,1
DA:307,1
DA:308,1
DA:309,4
DA:314,1
DA:315,1
DA:317,0
DA:318,1
DA:325,2
DA:329,1
DA:330,2
DA:331,1
DA:333,1
DA:336,2
DA:337,2
DA:339,1
DA:340,1
DA:341,0
DA:342,0
DA:348,1
DA:349,0
DA:362,1
DA:370,1
DA:372,1
DA:374,1
DA:376,1
DA:378,1
DA:379,1
DA:380,1
DA:381,1
DA:382,1
DA:383,3
DA:384,3
DA:387,1
DA:388,2
DA:389,2
DA:390,1
DA:391,1
DA:392,1
DA:393,1
DA:400,3
DA:402,1
DA:404,1
DA:405,1
DA:406,2
DA:407,1
DA:417,1
DA:418,2
DA:419,1
LF:185
LH:91
end_of_record
SF:lib/features/billing/invoices/invoices_screen.dart
DA:18,2
DA:19,4
DA:21,8
DA:28,1
DA:30,2
DA:32,4
DA:33,2
DA:34,2
DA:36,2
DA:37,2
DA:38,4
DA:39,2
DA:40,2
DA:43,2
DA:44,2
DA:45,0
DA:46,0
DA:48,0
DA:50,0
DA:52,0
DA:54,0
DA:56,0
DA:63,2
DA:65,2
DA:66,2
DA:71,2
DA:78,2
DA:82,2
DA:83,0
DA:84,0
DA:86,0
DA:87,0
DA:89,0
DA:91,0
DA:92,0
DA:93,0
DA:100,4
DA:101,0
DA:102,0
DA:104,0
DA:105,0
DA:108,0
DA:111,0
DA:117,6
DA:119,2
DA:120,0
DA:121,2
DA:122,2
DA:123,2
DA:124,2
DA:125,4
DA:126,2
DA:129,4
DA:130,2
DA:131,2
DA:132,2
DA:134,4
DA:138,2
DA:139,4
DA:140,2
DA:141,4
DA:149,2
DA:150,2
DA:152,4
DA:153,2
DA:154,4
DA:155,2
DA:156,2
DA:159,8
DA:160,2
DA:162,4
DA:163,2
DA:164,2
DA:165,0
DA:166,2
DA:168,2
DA:170,2
DA:171,2
DA:173,2
DA:174,2
DA:175,2
DA:176,4
DA:177,2
DA:179,2
DA:183,2
DA:184,2
DA:185,2
DA:186,6
DA:193,2
DA:194,2
DA:197,2
DA:198,8
DA:199,4
DA:204,2
DA:205,8
DA:206,6
DA:208,4
DA:216,6
DA:219,4
DA:220,4
DA:223,2
DA:226,2
DA:227,2
DA:228,2
DA:229,2
DA:230,4
DA:233,2
DA:234,2
DA:235,2
DA:237,6
DA:246,2
DA:248,2
DA:250,2
DA:252,2
DA:253,2
DA:254,2
DA:256,0
DA:257,0
DA:258,0
DA:259,2
DA:267,4
DA:286,2
DA:287,2
DA:289,2
DA:290,6
DA:291,2
DA:292,6
DA:294,2
DA:295,2
DA:296,2
DA:299,4
DA:305,2
DA:307,2
DA:308,6
DA:309,0
DA:310,0
DA:311,0
DA:314,2
DA:316,2
DA:317,2
DA:318,2
DA:319,2
DA:321,2
DA:323,2
DA:332,2
DA:334,2
DA:335,4
LF:147
LH:118
end_of_record
SF:lib/features/billing/invoices/invoices_provider.dart
DA:17,2
DA:30,4
DA:31,2
DA:34,2
DA:35,2
DA:37,6
DA:38,2
DA:39,4
DA:40,2
DA:41,2
DA:42,2
DA:45,0
DA:49,0
DA:50,0
DA:51,0
DA:54,0
DA:55,0
DA:56,0
DA:57,0
DA:58,0
DA:62,0
DA:63,0
DA:64,0
DA:66,0
DA:67,0
DA:68,0
DA:69,0
DA:70,0
DA:80,1
DA:86,2
DA:87,2
DA:88,2
DA:89,2
DA:90,1
DA:91,1
DA:93,1
DA:94,1
DA:95,1
DA:99,4
DA:100,4
DA:101,2
LF:41
LH:24
end_of_record
SF:lib/app/router/app_router.dart
DA:116,8
DA:117,4
DA:119,2
DA:121,2
DA:122,2
DA:123,2
DA:124,2
DA:125,2
DA:126,1
DA:127,1
DA:128,1
DA:138,2
DA:139,1
DA:144,2
DA:146,2
DA:148,2
DA:151,2
DA:153,0
DA:154,0
DA:155,0
DA:156,0
DA:157,0
DA:158,0
DA:160,0
DA:162,0
DA:163,0
DA:171,2
DA:173,0
DA:175,2
DA:177,0
DA:179,2
DA:181,0
DA:182,0
DA:185,2
DA:187,0
DA:188,0
DA:189,0
DA:194,2
DA:195,2
DA:196,2
DA:198,2
DA:200,0
DA:202,2
DA:204,0
DA:206,2
DA:208,0
DA:210,2
DA:212,0
DA:214,2
DA:216,0
DA:218,2
DA:220,0
DA:222,2
DA:224,0
DA:226,2
DA:228,0
DA:230,2
DA:232,0
DA:234,2
DA:236,0
DA:237,0
DA:240,2
DA:242,0
DA:244,2
DA:246,0
DA:247,0
DA:250,2
DA:252,0
DA:253,0
DA:258,2
DA:260,1
DA:262,2
DA:264,0
DA:266,2
DA:268,0
DA:270,2
DA:272,1
DA:274,2
DA:276,2
DA:277,3
DA:278,3
DA:281,2
DA:283,0
DA:284,0
DA:288,2
DA:290,0
DA:292,2
DA:294,0
DA:296,2
DA:298,0
DA:299,0
DA:302,2
DA:304,0
DA:305,0
DA:310,2
DA:312,0
DA:314,2
DA:316,0
DA:317,0
DA:320,2
DA:322,0
DA:323,0
DA:324,0
DA:329,2
DA:331,0
DA:333,2
DA:335,0
DA:336,0
DA:339,2
DA:341,0
DA:343,2
DA:345,0
DA:347,2
DA:349,0
DA:351,2
DA:353,0
DA:355,2
DA:357,0
DA:359,2
DA:361,0
DA:363,2
DA:365,0
DA:367,2
DA:369,0
DA:371,2
DA:373,0
DA:375,2
DA:377,0
DA:378,0
DA:381,2
DA:383,0
DA:385,2
DA:387,0
DA:389,2
DA:391,0
DA:393,2
DA:395,0
DA:396,0
DA:401,2
DA:403,0
DA:405,2
DA:407,0
DA:409,2
DA:411,0
DA:412,0
DA:415,2
DA:417,0
DA:421,2
DA:423,0
DA:425,2
DA:427,0
DA:428,0
DA:431,2
DA:433,0
DA:437,2
DA:439,1
DA:441,2
DA:443,1
DA:445,2
DA:447,0
DA:449,2
DA:451,0
DA:452,0
DA:455,2
DA:457,0
DA:458,0
DA:461,2
DA:463,0
DA:465,2
DA:467,0
DA:469,2
DA:471,0
DA:472,0
DA:475,2
DA:477,0
DA:479,2
DA:481,0
DA:482,0
DA:485,2
DA:487,0
DA:489,2
DA:491,0
DA:493,2
DA:495,0
DA:497,2
DA:499,0
DA:501,2
DA:503,0
DA:505,2
DA:507,0
DA:509,2
DA:511,0
DA:513,2
DA:515,0
DA:517,2
DA:519,0
DA:521,2
DA:523,0
DA:525,2
DA:527,0
DA:529,2
DA:531,0
DA:533,2
DA:535,0
DA:536,0
DA:539,2
DA:541,0
DA:543,2
DA:545,0
DA:547,2
DA:549,0
DA:551,2
DA:553,0
DA:555,2
DA:557,0
DA:558,0
DA:561,2
DA:563,0
DA:564,0
DA:567,2
DA:569,0
DA:571,2
DA:573,0
DA:575,2
DA:577,0
DA:579,2
DA:581,0
DA:583,2
DA:585,0
DA:587,2
DA:589,0
DA:591,2
DA:593,0
DA:595,2
DA:597,1
DA:598,2
DA:599,2
DA:601,0
DA:603,2
DA:605,0
DA:614,2
DA:616,0
DA:617,0
DA:618,0
DA:619,0
DA:620,0
DA:621,0
DA:622,0
LF:248
LH:122
end_of_record
SF:lib/features/auth/forgot_password_screen.dart
DA:8,1
DA:10,2
DA:12,2
DA:19,2
DA:21,4
DA:22,2
DA:25,1
DA:26,3
DA:28,1
DA:29,2
DA:30,4
DA:31,1
DA:32,3
DA:33,1
DA:34,4
DA:38,1
DA:39,3
DA:44,2
DA:46,4
DA:48,2
DA:49,6
DA:50,2
DA:53,2
DA:55,2
DA:56,2
DA:57,2
DA:58,6
DA:61,2
DA:62,2
DA:70,2
DA:71,4
DA:72,2
LF:32
LH:32
end_of_record
SF:lib/features/auth/login_screen.dart
DA:16,1
DA:18,4
DA:19,4
DA:30,4
DA:32,8
DA:33,8
DA:34,8
DA:35,8
DA:36,4
DA:39,2
DA:40,6
DA:42,10
DA:44,10
DA:45,6
DA:46,4
DA:47,6
DA:52,0
DA:53,0
DA:54,0
DA:56,0
DA:57,0
DA:61,0
DA:62,0
DA:63,0
DA:64,0
DA:67,4
DA:69,12
DA:70,4
DA:73,4
DA:74,0
DA:75,0
DA:78,0
DA:79,0
DA:80,0
DA:82,0
DA:85,0
DA:86,0
DA:88,0
DA:91,0
DA:95,0
DA:98,0
DA:100,0
DA:104,0
DA:105,0
DA:109,0
DA:110,0
DA:116,0
DA:117,0
DA:119,0
DA:120,0
DA:121,0
DA:123,0
DA:124,0
DA:125,0
DA:127,0
DA:131,0
DA:132,0
DA:133,0
DA:134,0
DA:135,0
DA:147,0
DA:148,0
DA:149,0
DA:152,0
DA:154,0
DA:155,0
DA:163,0
DA:164,0
DA:167,0
DA:168,0
DA:175,0
DA:177,0
DA:180,0
DA:182,0
DA:185,0
DA:187,0
DA:188,0
DA:191,0
[...]
DA:197,0
DA:199,0
DA:201,0
DA:202,0
DA:203,0
DA:204,0
DA:206,0
DA:217,0
DA:218,0
DA:219,0
DA:223,0
DA:224,0
DA:226,0
DA:227,0
DA:228,0
DA:229,0
DA:230,0
DA:231,0
DA:232,0
DA:234,0
DA:242,0
DA:243,0
DA:244,0
DA:248,0
DA:249,0
DA:250,0
LF:86
LH:2
end_of_record
SF:lib/features/academic/results/results_provider.dart
DA:16,1
DA:28,0
DA:29,0
DA:32,0
DA:33,0
DA:35,0
DA:36,0
DA:37,0
DA:38,0
DA:39,0
DA:40,0
DA:43,0
DA:47,0
DA:48,0
DA:49,0
DA:53,0
DA:54,0
DA:55,0
LF:18
LH:1
end_of_record
SF:lib/features/academic/teacher/class_progress_provider.dart
DA:24,0
DA:32,0
DA:33,0
DA:34,0
DA:35,0
DA:36,0
DA:37,0
DA:39,0
DA:49,1
DA:55,0
DA:63,0
DA:64,0
DA:65,0
DA:67,0
DA:77,1
DA:83,0
DA:87,0
DA:88,0
DA:89,0
DA:91,0
DA:92,0
DA:93,0
DA:95,0
DA:96,0
DA:97,0
DA:98,0
DA:99,0
DA:101,0
DA:116,0
DA:126,0
DA:127,0
DA:128,0
DA:129,0
DA:130,0
DA:131,0
DA:132,0
DA:133,0
DA:134,0
DA:135,0
DA:137,0
DA:138,0
DA:140,0
DA:141,0
DA:143,0
DA:144,0
DA:151,0
DA:152,0
DA:153,0
DA:157,0
DA:158,0
DA:159,0
DA:160,0
DA:161,0
DA:162,0
LF:54
LH:2
end_of_record
SF:lib/features/academic/timetable/timetable_provider.dart
DA:14,3
DA:20,4
DA:21,2
DA:24,2
DA:25,2
DA:27,6
DA:28,1
DA:29,1
DA:30,1
DA:31,2
DA:33,3
DA:37,0
DA:38,0
DA:39,0
DA:43,4
DA:44,4
DA:45,2
LF:17
LH:14
end_of_record
SF:lib/shared/widgets/platform_bridge_card.dart
DA:27,1
DA:36,0
DA:38,0
DA:39,0
DA:42,0
DA:43,0
DA:45,0
DA:49,0
DA:52,0
DA:54,0
DA:55,0
DA:57,0
DA:58,0
DA:60,0
DA:62,0
DA:65,0
DA:66,0
DA:67,0
DA:68,0
DA:70,0
DA:78,0
DA:79,0
DA:80,0
DA:83,0
DA:85,0
DA:90,0
DA:91,0
DA:92,0
DA:94,0
DA:96,0
DA:101,0
DA:106,0
DA:107,0
DA:108,0
DA:110,0
DA:112,0
DA:116,0
DA:117,0
DA:118,0
DA:119,0
DA:122,0
LF:41
LH:1
end_of_record
SF:lib/features/ai/games/game_provider.dart
DA:144,0
DA:159,0
DA:160,0
DA:162,0
DA:163,0
DA:168,0
DA:181,0
DA:182,0
DA:183,0
DA:184,0
DA:185,0
DA:186,0
DA:187,0
DA:188,0
DA:189,0
DA:191,0
DA:192,0
DA:193,0
DA:194,0
DA:198,0
DA:200,0
DA:201,0
DA:202,0
DA:203,0
DA:204,0
DA:206,0
DA:207,0
DA:210,0
DA:213,0
DA:215,0
DA:216,0
DA:217,0
DA:222,0
DA:223,0
DA:224,0
DA:232,0
DA:233,0
DA:235,0
DA:236,0
DA:237,0
DA:238,0
DA:240,0
DA:244,0
DA:245,0
DA:246,0
DA:249,0
DA:250,0
DA:251,0
DA:252,0
DA:253,0
DA:254,0
DA:255,0
DA:256,0
DA:260,0
DA:261,0
DA:262,0
DA:264,0
DA:265,0
DA:267,0
DA:269,0
DA:273,0
DA:274,0
DA:275,0
DA:276,0
DA:278,0
DA:279,0
DA:280,0
DA:281,0
DA:284,0
DA:285,0
DA:286,0
DA:288,0
DA:289,0
DA:290,0
DA:291,0
DA:292,0
DA:293,0
DA:294,0
DA:295,0
DA:296,0
DA:297,0
DA:303,0
DA:304,0
DA:306,0
DA:310,0
DA:311,0
DA:315,0
DA:316,0
DA:317,0
DA:319,0
DA:320,0
DA:322,0
DA:324,0
DA:328,0
DA:331,0
DA:332,0
DA:333,0
DA:335,0
DA:337,0
DA:338,0
DA:339,0
DA:340,0
DA:343,0
DA:344,0
DA:347,0
DA:350,0
DA:352,0
DA:353,0
DA:359,0
DA:360,0
DA:361,0
DA:367,0
DA:368,0
DA:369,0
DA:371,0
DA:372,0
DA:373,0
DA:375,0
DA:380,0
DA:384,0
DA:385,0
DA:387,0
DA:391,0
DA:392,0
DA:394,0
DA:396,0
DA:398,0
DA:400,0
DA:402,0
DA:404,0
DA:406,0
DA:411,0
DA:412,0
DA:413,0
DA:416,0
DA:419,0
DA:420,0
DA:421,0
DA:424,0
DA:425,0
DA:426,0
DA:427,0
DA:428,0
DA:431,0
DA:432,0
DA:437,0
DA:438,0
DA:441,0
DA:442,0
DA:443,0
DA:448,0
DA:449,0
DA:453,0
DA:454,0
DA:458,0
DA:459,0
DA:461,0
DA:462,0
DA:464,0
DA:465,0
DA:469,0
DA:470,0
DA:471,0
DA:473,0
DA:475,0
DA:476,0
DA:477,0
DA:480,0
DA:481,0
DA:483,0
DA:485,0
DA:486,0
DA:496,0
DA:497,0
DA:504,0
DA:505,0
DA:509,0
DA:510,0
DA:511,0
DA:513,0
DA:515,0
DA:516,0
DA:517,0
DA:525,0
DA:526,0
DA:527,0
DA:532,0
DA:533,0
DA:534,0
DA:535,0
DA:536,0
DA:537,0
DA:540,0
DA:541,0
DA:544,0
DA:546,0
DA:547,0
DA:550,0
DA:557,0
DA:558,0
DA:561,0
DA:565,0
DA:566,0
DA:570,0
DA:571,0
DA:572,0
DA:573,0
DA:574,0
DA:575,0
DA:582,0
DA:583,0
DA:584,0
DA:587,0
DA:588,0
DA:589,0
DA:594,0
DA:595,0
DA:596,0
DA:600,0
DA:601,0
DA:603,0
DA:605,0
DA:606,0
DA:607,0
DA:609,0
DA:610,0
DA:611,0
DA:618,0
DA:619,0
DA:620,0
LF:230
LH:0
end_of_record
SF:lib/features/ai/games/models/game_config.dart
DA:28,1
DA:45,0
DA:69,0
DA:81,0
DA:85,0
DA:86,0
DA:87,0
DA:88,0
DA:89,0
DA:90,0
DA:91,0
DA:92,0
DA:93,0
DA:94,0
DA:99,0
DA:103,0
DA:104,0
DA:105,0
DA:106,0
DA:107,0
DA:108,0
DA:109,0
DA:110,0
DA:113,0
DA:114,0
DA:115,0
DA:116,0
DA:117,0
DA:118,0
DA:119,0
DA:123,0
LF:31
LH:1
end_of_record
SF:lib/shared/ui/widgets/animated_guide.dart
DA:19,0
DA:20,0
DA:21,0
DA:22,0
DA:27,0
DA:31,0
DA:32,0
DA:33,0
DA:36,0
DA:40,0
DA:41,0
DA:42,0
DA:43,0
DA:44,0
DA:48,0
DA:49,0
DA:50,0
DA:51,0
DA:54,0
DA:57,0
DA:62,0
DA:69,0
DA:77,0
DA:88,0
DA:89,0
DA:90,0
DA:98,0
DA:111,0
DA:112,0
DA:121,0
DA:123,0
DA:124,0
DA:128,0
DA:129,0
DA:132,0
DA:133,0
DA:134,0
DA:138,0
DA:140,0
DA:141,0
DA:142,0
DA:143,0
DA:145,0
DA:146,0
DA:150,0
DA:152,0
DA:153,0
DA:156,0
DA:157,0
DA:158,0
DA:161,0
DA:164,0
DA:167,0
DA:168,0
DA:169,0
DA:172,0
DA:173,0
DA:174,0
DA:175,0
DA:178,0
DA:179,0
DA:180,0
DA:181,0
DA:184,0
DA:186,0
DA:187,0
DA:189,0
DA:190,0
DA:191,0
DA:192,0
DA:193,0
DA:194,0
DA:195,0
DA:196,0
DA:197,0
DA:198,0
DA:200,0
DA:201,0
DA:202,0
DA:203,0
DA:205,0
DA:206,0
DA:207,0
DA:209,0
DA:216,0
DA:220,0
DA:222,0
DA:223,0
DA:224,0
DA:230,0
DA:231,0
DA:233,0
DA:234,0
DA:237,0
DA:238,0
DA:239,0
DA:242,0
DA:243,0
DA:244,0
DA:245,0
DA:252,0
DA:257,0
DA:258,0
DA:259,0
DA:260,0
DA:261,0
DA:264,0
DA:265,0
DA:266,0
DA:272,0
DA:273,0
DA:275,0
DA:288,0
DA:289,0
DA:294,0
DA:303,0
DA:305,0
DA:306,0
DA:307,0
DA:308,0
DA:310,0
DA:311,0
DA:315,0
DA:316,0
DA:317,0
DA:323,0
DA:324,0
DA:325,0
DA:327,0
DA:328,0
DA:330,0
DA:331,0
DA:346,1
DA:348,0
DA:350,0
LF:135
LH:1
end_of_record
SF:lib/shared/widgets/signed_network_image.dart
DA:15,0
DA:26,0
DA:27,0
DA:34,0
DA:36,0
DA:37,0
DA:40,0
DA:42,0
DA:43,0
DA:44,0
DA:45,0
DA:49,0
DA:50,0
DA:51,0
DA:52,0
DA:55,0
DA:57,0
DA:58,0
DA:61,0
DA:62,0
DA:63,0
DA:64,0
DA:65,0
DA:67,0
DA:68,0
DA:71,0
DA:72,0
DA:73,0
DA:74,0
DA:75,0
DA:76,0
DA:77,0
DA:78,0
DA:84,0
DA:89,0
DA:90,0
DA:91,0
DA:92,0
DA:93,0
DA:94,0
DA:95,0
DA:98,0
DA:100,0
DA:103,0
DA:104,0
DA:105,0
DA:106,0
DA:111,0
DA:116,0
DA:118,0
DA:120,0
DA:124,0
DA:125,0
DA:126,0
LF:54
LH:0
end_of_record
SF:lib/features/ai/rewards/leaderboard_provider.dart
DA:12,0
DA:14,0
DA:15,0
DA:16,0
DA:17,0
DA:26,1
DA:32,0
DA:37,0
DA:38,0
DA:39,0
DA:40,0
DA:45,0
DA:47,0
DA:48,0
DA:49,0
DA:51,0
DA:59,0
DA:60,0
DA:61,0
DA:68,0
DA:69,0
DA:70,0
DA:71,0
DA:74,0
DA:75,0
DA:77,0
DA:78,0
DA:81,0
DA:82,0
DA:83,0
DA:87,0
DA:88,0
DA:89,0
DA:90,0
DA:91,0
DA:96,0
DA:97,0
DA:98,0
DA:103,0
DA:104,0
LF:40
LH:1
end_of_record
SF:lib/features/ai/rewards/widgets/confetti_overlay.dart
DA:13,0
DA:20,0
DA:21,0
DA:30,0
DA:32,0
DA:33,0
DA:37,0
DA:38,0
DA:39,0
DA:42,0
DA:44,0
DA:45,0
DA:48,0
DA:50,0
DA:51,0
DA:52,0
DA:53,0
DA:54,0
DA:55,0
DA:56,0
DA:58,0
DA:60,0
DA:62,0
DA:65,0
DA:66,0
DA:67,0
DA:68,0
DA:71,0
DA:73,0
DA:82,0
DA:84,0
DA:87,0
DA:90,0
DA:96,0
DA:97,0
DA:98,0
DA:104,0
DA:105,0
DA:123,0
DA:128,0
DA:130,0
DA:137,0
DA:138,0
DA:139,0
DA:140,0
DA:141,0
DA:143,0
DA:144,0
DA:145,0
DA:148,0
DA:149,0
DA:150,0
DA:152,0
DA:153,0
DA:155,0
LF:55
LH:0
end_of_record
SF:lib/features/billing/billing_provider.dart
DA:6,0
DA:8,0
DA:9,0
DA:12,0
DA:13,0
DA:16,0
DA:17,0
DA:18,0
DA:22,0
DA:23,0
DA:24,0
LF:11
LH:0
end_of_record
SF:lib/features/communication/notifications/notifications_provider.dart
DA:18,2
DA:30,2
DA:42,2
DA:43,2
DA:44,0
DA:45,0
DA:46,2
DA:47,2
DA:48,2
DA:49,2
DA:50,2
DA:51,2
DA:59,2
DA:60,2
DA:61,2
DA:64,2
DA:65,6
DA:71,6
DA:72,2
DA:74,6
DA:76,4
DA:78,2
DA:80,0
DA:82,6
DA:83,2
DA:84,2
DA:85,2
DA:91,0
DA:94,0
DA:99,0
DA:100,0
DA:103,0
DA:105,0
DA:106,0
DA:107,0
DA:109,0
DA:111,0
DA:112,0
DA:113,0
DA:114,0
DA:118,0
DA:122,0
DA:123,0
DA:124,0
DA:127,0
DA:128,0
DA:133,0
DA:136,0
DA:140,0
DA:141,0
DA:143,0
DA:144,0
DA:145,0
DA:147,0
DA:148,0
DA:149,0
DA:150,0
DA:152,0
DA:156,0
DA:160,0
DA:161,0
DA:162,0
DA:163,0
DA:164,0
DA:165,0
DA:166,0
DA:167,0
DA:171,0
DA:174,0
DA:175,0
DA:182,4
DA:183,4
DA:184,2
LF:73
LH:27
end_of_record
SF:lib/features/content/catalog/content_provider.dart
DA:24,1
DA:37,0
DA:38,0
DA:39,0
DA:40,0
DA:41,0
DA:43,0
DA:44,0
DA:46,0
DA:56,0
DA:57,0
DA:60,0
DA:62,0
DA:63,0
DA:66,0
DA:67,0
DA:69,0
DA:70,0
DA:71,0
DA:72,0
DA:75,0
DA:76,0
DA:77,0
DA:78,0
DA:80,0
DA:81,0
DA:82,0
DA:83,0
DA:84,0
DA:85,0
DA:86,0
DA:87,0
DA:90,0
DA:91,0
DA:92,0
DA:93,0
DA:94,0
DA:95,0
DA:100,0
DA:101,0
DA:102,0
DA:103,0
DA:105,0
DA:106,0
DA:107,0
DA:108,0
DA:109,0
DA:110,0
DA:113,0
DA:114,0
DA:115,0
DA:116,0
DA:117,0
DA:119,0
DA:120,0
DA:121,0
DA:122,0
DA:123,0
DA:124,0
DA:125,0
DA:126,0
DA:129,0
DA:130,0
DA:131,0
DA:132,0
DA:133,0
DA:134,0
DA:135,0
DA:140,0
DA:141,0
DA:143,0
DA:144,0
DA:145,0
DA:147,0
DA:150,0
DA:151,0
DA:152,0
DA:154,0
DA:155,0
DA:157,0
DA:160,0
DA:161,0
DA:162,0
DA:163,0
DA:164,0
DA:166,0
DA:167,0
DA:168,0
DA:172,0
DA:173,0
DA:174,0
DA:175,0
DA:176,0
DA:177,0
DA:178,0
DA:179,0
DA:180,0
DA:184,0
DA:185,0
DA:186,0
DA:190,0
DA:191,0
DA:192,0
LF:103
LH:1
end_of_record
SF:lib/features/content/coloring/coloring_provider.dart
DA:9,0
DA:21,0
DA:23,0
DA:24,0
DA:26,0
DA:28,0
DA:33,0
DA:34,0
DA:36,0
DA:37,0
DA:38,0
DA:39,0
DA:42,0
DA:43,0
DA:44,0
DA:49,0
DA:51,0
DA:53,0
DA:54,0
DA:55,0
DA:58,0
DA:59,0
DA:61,0
DA:62,0
DA:63,0
DA:64,0
DA:65,0
DA:66,0
DA:67,0
DA:77,0
DA:78,0
DA:79,0
DA:82,0
DA:83,0
DA:89,0
DA:90,0
DA:94,0
DA:95,0
DA:96,0
DA:97,0
DA:98,0
DA:99,0
LF:42
LH:0
end_of_record
SF:lib/shared/ui/widgets/color_picker_palette.dart
DA:22,0
DA:37,0
DA:39,0
DA:41,0
DA:42,0
DA:43,0
DA:44,0
DA:45,0
DA:46,0
DA:48,0
DA:49,0
DA:50,0
DA:51,0
DA:54,0
DA:60,0
DA:74,0
DA:76,0
DA:78,0
DA:80,0
DA:81,0
DA:83,0
DA:84,0
DA:85,0
DA:86,0
DA:88,0
DA:89,0
DA:90,0
DA:92,0
DA:94,0
DA:95,0
DA:96,0
DA:97,0
DA:104,0
LF:33
LH:0
end_of_record
SF:lib/shared/ui/widgets/drawing_overlay.dart
DA:17,0
DA:22,0
DA:23,0
DA:31,0
DA:37,0
DA:38,0
DA:39,0
DA:40,0
DA:41,0
DA:45,0
DA:46,0
DA:47,0
DA:51,0
DA:52,0
DA:56,0
DA:57,0
DA:58,0
DA:59,0
DA:60,0
DA:61,0
DA:63,0
DA:64,0
DA:65,0
DA:66,0
DA:67,0
DA:71,0
DA:77,0
DA:96,0
DA:97,0
DA:109,0
DA:110,0
DA:111,0
DA:112,0
DA:113,0
DA:114,0
DA:116,0
DA:118,0
DA:119,0
DA:120,0
DA:121,0
DA:122,0
DA:123,0
DA:126,0
DA:128,0
DA:129,0
DA:130,0
DA:132,0
DA:133,0
DA:134,0
DA:138,0
DA:139,0
DA:140,0
DA:141,0
DA:145,0
DA:146,0
DA:147,0
DA:151,0
DA:152,0
DA:153,0
DA:157,0
DA:158,0
DA:162,0
DA:163,0
DA:165,0
DA:168,0
DA:169,0
DA:173,0
DA:174,0
DA:176,0
DA:179,0
DA:180,0
DA:184,0
DA:185,0
DA:186,0
DA:188,0
DA:191,0
DA:192,0
DA:198,0
DA:203,0
DA:204,0
DA:205,0
DA:208,0
DA:209,0
DA:210,0
DA:211,0
DA:212,0
DA:213,0
DA:216,0
DA:217,0
DA:218,0
DA:220,0
DA:223,0
DA:224,0
DA:228,0
DA:230,0
DA:231,0
DA:232,0
DA:233,0
DA:234,0
DA:237,0
DA:240,0
DA:241,0
DA:244,0
DA:246,0
DA:248,0
DA:249,0
DA:250,0
DA:251,0
DA:253,0
DA:254,0
DA:255,0
DA:256,0
DA:258,0
DA:259,0
DA:260,0
DA:261,0
DA:269,0
DA:270,0
DA:274,0
DA:276,0
DA:277,0
DA:278,0
DA:279,0
DA:280,0
DA:281,0
DA:282,0
DA:283,0
DA:284,0
DA:285,0
DA:286,0
DA:287,0
DA:288,0
DA:298,0
DA:302,0
DA:304,0
DA:305,0
DA:309,0
DA:310,0
DA:311,0
DA:312,0
DA:313,0
DA:314,0
DA:316,0
DA:317,0
DA:320,0
DA:321,0
DA:322,0
DA:323,0
DA:324,0
DA:329,0
DA:333,0
DA:335,0
DA:340,0
DA:368,0
DA:370,0
DA:372,0
DA:373,0
DA:374,0
DA:375,0
DA:376,0
DA:377,0
DA:378,0
DA:384,0
DA:386,0
DA:389,0
DA:390,0
DA:392,0
DA:397,0
DA:398,0
DA:399,0
DA:400,0
DA:403,0
DA:407,0
DA:408,0
DA:411,0
DA:412,0
DA:414,0
DA:417,0
DA:418,0
DA:420,0
DA:423,0
DA:424,0
DA:426,0
DA:429,0
DA:430,0
DA:432,0
DA:435,0
DA:436,0
DA:438,0
DA:441,0
DA:442,0
DA:444,0
DA:447,0
DA:459,0
DA:471,0
DA:473,0
DA:475,0
DA:476,0
DA:478,0
DA:479,0
DA:481,0
DA:483,0
DA:484,0
DA:485,0
DA:486,0
DA:491,0
DA:492,0
DA:498,0
DA:512,0
DA:514,0
DA:515,0
DA:516,0
DA:517,0
DA:519,0
DA:520,0
DA:521,0
DA:522,0
DA:524,0
DA:526,0
DA:527,0
LF:220
LH:0
end_of_record
SF:lib/features/content/documents/document_preview_screen.dart
DA:18,0
DA:24,0
DA:26,0
DA:34,0
DA:35,0
DA:37,0
DA:39,0
DA:40,0
DA:41,0
DA:45,0
DA:46,0
DA:48,0
DA:52,0
DA:53,0
DA:54,0
DA:55,0
DA:56,0
DA:61,0
DA:62,0
DA:63,0
DA:64,0
DA:68,0
DA:69,0
DA:70,0
DA:71,0
DA:74,0
DA:75,0
DA:76,0
DA:77,0
DA:78,0
DA:79,0
DA:80,0
DA:81,0
DA:82,0
DA:83,0
DA:84,0
DA:87,0
DA:88,0
DA:89,0
DA:95,0
DA:96,0
DA:97,0
DA:98,0
DA:104,0
DA:107,0
DA:108,0
DA:109,0
DA:110,0
DA:117,0
DA:120,0
DA:121,0
DA:122,0
DA:123,0
DA:124,0
DA:125,0
DA:133,0
DA:135,0
DA:136,0
DA:138,0
DA:139,0
DA:140,0
DA:141,0
DA:142,0
DA:143,0
DA:145,0
DA:146,0
DA:147,0
DA:150,0
DA:151,0
DA:154,0
DA:155,0
DA:160,0
DA:164,0
DA:166,0
DA:169,0
DA:173,0
DA:174,0
DA:175,0
DA:177,0
DA:178,0
DA:185,0
DA:186,0
DA:189,0
DA:192,0
DA:193,0
DA:194,0
DA:197,0
DA:200,0
DA:201,0
DA:202,0
DA:204,0
DA:207,0
DA:208,0
DA:216,0
DA:217,0
DA:219,0
DA:221,0
DA:224,0
DA:226,0
DA:228,0
DA:229,0
DA:231,0
LF:102
LH:0
end_of_record
SF:lib/features/content/feed/feed_provider.dart
DA:17,1
DA:30,2
DA:31,1
DA:34,1
DA:35,1
DA:37,3
DA:38,1
DA:39,2
DA:40,1
DA:41,1
DA:42,1
DA:45,0
DA:49,0
DA:50,0
DA:51,0
DA:52,0
DA:54,0
DA:55,0
DA:58,0
DA:59,0
DA:60,0
DA:61,0
DA:62,0
DA:63,0
DA:66,0
DA:67,0
DA:68,0
DA:73,0
DA:75,0
DA:76,0
DA:80,4
DA:81,1
LF:32
LH:13
end_of_record
SF:lib/features/content/student/story_reader_provider.dart
DA:7,0
DA:8,0
DA:9,0
DA:11,0
DA:12,0
DA:24,0
DA:29,0
DA:32,0
DA:33,0
DA:34,0
DA:35,0
DA:38,0
DA:39,0
DA:51,0
DA:60,0
DA:68,0
DA:69,0
DA:70,0
DA:71,0
DA:72,0
DA:73,0
DA:74,0
DA:78,0
DA:79,0
DA:81,0
DA:83,0
DA:84,0
DA:86,0
DA:88,0
DA:90,0
DA:91,0
DA:94,0
DA:100,0
DA:102,0
DA:103,0
DA:104,0
DA:105,0
DA:106,0
DA:107,0
DA:108,0
DA:111,0
DA:114,0
DA:118,0
DA:119,0
DA:120,0
DA:123,0
DA:124,0
DA:125,0
DA:129,0
DA:130,0
DA:131,0
DA:133,0
DA:134,0
DA:135,0
DA:140,0
DA:141,0
DA:146,0
DA:147,0
DA:152,0
DA:153,0
DA:154,0
DA:155,0
DA:156,0
DA:160,0
DA:161,0
DA:166,0
DA:167,0
DA:171,0
DA:172,0
DA:173,0
DA:177,0
DA:180,0
DA:184,0
DA:187,0
DA:192,0
DA:193,0
DA:202,0
LF:77
LH:0
end_of_record
SF:lib/features/lms/quizzes/quiz_analytics_provider.dart
DA:27,0
DA:36,0
DA:37,0
DA:38,0
DA:39,0
DA:40,0
DA:41,0
DA:42,0
DA:43,0
DA:60,0
DA:72,0
DA:73,0
DA:75,0
DA:76,0
DA:77,0
DA:78,0
DA:79,0
DA:80,0
DA:81,0
DA:82,0
DA:83,0
DA:84,0
DA:85,0
DA:86,0
DA:88,0
DA:106,0
DA:119,0
DA:120,0
DA:121,0
DA:122,0
DA:123,0
DA:124,0
DA:125,0
DA:126,0
DA:127,0
DA:128,0
DA:129,0
DA:130,0
DA:135,0
DA:136,0
DA:137,0
DA:138,0
DA:139,0
DA:142,0
DA:143,0
DA:144,0
DA:145,0
DA:146,0
DA:147,0
DA:149,0
LF:50
LH:0
end_of_record
SF:lib/features/lms/quizzes/teacher_quiz_list_provider.dart
DA:29,1
DA:43,0
DA:44,0
DA:46,0
DA:47,0
DA:48,0
DA:49,0
DA:50,0
DA:51,0
DA:52,0
DA:53,0
DA:54,0
DA:55,0
DA:56,0
DA:57,0
DA:60,1
DA:61,1
DA:62,1
DA:63,1
DA:64,1
DA:65,1
DA:66,1
DA:67,1
DA:68,1
DA:69,2
DA:70,1
DA:71,1
DA:72,1
DA:82,2
DA:88,1
DA:89,3
DA:90,3
DA:91,1
DA:92,1
DA:94,0
DA:95,0
DA:97,0
DA:98,0
DA:101,1
DA:102,0
DA:103,0
DA:104,1
DA:107,0
DA:112,0
DA:113,0
DA:114,0
DA:115,0
DA:120,1
DA:122,1
DA:123,1
DA:130,1
DA:131,3
DA:132,2
DA:133,3
DA:136,0
DA:137,0
DA:138,0
DA:139,0
DA:146,0
DA:150,0
DA:151,0
DA:153,0
DA:156,0
DA:157,0
DA:159,0
DA:162,0
DA:163,0
DA:167,0
DA:168,0
DA:169,0
DA:170,0
DA:171,0
DA:173,0
DA:175,0
DA:177,0
DA:179,0
DA:181,0
DA:184,0
DA:190,2
DA:191,1
LF:80
LH:31
end_of_record
SF:lib/features/lms/rubrics/rubrics_provider.dart
DA:6,0
DA:7,0
DA:10,0
DA:11,0
DA:14,0
DA:15,0
DA:16,0
LF:7
LH:0
end_of_record
SF:lib/features/lms/student/writing_provider.dart
DA:17,0
DA:24,0
DA:25,0
DA:26,0
DA:27,0
DA:28,0
DA:29,0
DA:30,0
DA:31,0
DA:32,0
DA:43,0
DA:50,0
DA:51,0
DA:52,0
DA:53,0
DA:54,0
DA:55,0
DA:57,0
DA:69,1
DA:75,0
DA:82,0
DA:83,0
DA:84,0
DA:85,0
DA:93,0
DA:97,0
DA:102,0
DA:104,0
DA:105,0
DA:107,0
DA:113,0
DA:115,0
DA:118,0
DA:120,0
DA:125,0
DA:126,0
DA:132,0
DA:133,0
DA:134,0
LF:39
LH:1
end_of_record
SF:lib/features/reports/core/report_schedule_manager.dart
DA:13,0
DA:19,0
DA:21,0
DA:28,0
DA:30,0
DA:31,0
DA:34,0
DA:35,0
DA:38,0
DA:39,0
DA:41,0
DA:42,0
DA:47,0
DA:48,0
DA:49,0
DA:52,0
DA:53,0
DA:54,0
DA:55,0
DA:56,0
DA:57,0
DA:58,0
DA:60,0
DA:61,0
DA:66,0
DA:74,0
DA:78,0
DA:79,0
DA:84,0
DA:85,0
DA:86,0
DA:87,0
DA:89,0
DA:90,0
DA:99,0
DA:100,0
DA:101,0
DA:102,0
DA:103,0
DA:104,0
DA:107,0
DA:110,0
DA:111,0
DA:114,0
DA:116,0
DA:118,0
DA:120,0
DA:121,0
DA:122,0
DA:123,0
DA:124,0
DA:125,0
DA:126,0
DA:129,0
DA:130,0
DA:132,0
DA:137,0
DA:138,0
DA:139,0
DA:140,0
DA:141,0
DA:143,0
DA:147,0
DA:148,0
DA:150,0
DA:151,0
DA:152,0
DA:153,0
DA:155,0
DA:156,0
DA:157,0
DA:161,0
DA:163,0
DA:164,0
DA:165,0
DA:166,0
DA:167,0
DA:168,0
DA:169,0
DA:173,0
DA:174,0
DA:175,0
DA:176,0
DA:177,0
DA:178,0
DA:179,0
DA:181,0
DA:183,0
DA:184,0
DA:189,0
DA:190,0
DA:191,0
DA:192,0
DA:193,0
DA:194,0
LF:95
LH:0
end_of_record
SF:lib/features/reports/financial_health/financial_health_provider.dart
DA:6,0
DA:7,0
DA:10,2
DA:11,2
DA:12,2
DA:13,2
DA:14,1
DA:15,1
DA:16,1
DA:18,1
DA:19,1
DA:20,1
DA:21,1
DA:25,2
DA:26,2
DA:27,3
LF:16
LH:14
end_of_record
SF:lib/features/school/micro_schools/micro_schools_provider.dart
DA:6,4
DA:7,3
DA:10,2
DA:11,1
DA:12,1
DA:13,2
DA:14,2
DA:15,1
DA:16,1
DA:17,1
DA:18,1
DA:19,1
DA:22,1
DA:23,1
DA:24,1
DA:25,1
DA:26,1
DA:27,1
DA:32,0
DA:35,0
DA:39,0
DA:40,0
DA:41,0
DA:43,0
DA:45,0
DA:46,0
DA:51,0
DA:52,0
LF:28
LH:18
end_of_record
SF:lib/features/sync/sync_provider.dart
DA:6,0
DA:7,0
DA:8,0
DA:9,0
DA:10,0
DA:11,0
DA:12,0
DA:13,0
DA:14,0
DA:16,0
DA:17,0
DA:18,0
DA:19,0
DA:20,0
DA:21,0
DA:25,0
DA:26,0
LF:17
LH:0
end_of_record
SF:lib/features/user/family/my_children_provider.dart
DA:14,1
DA:24,0
DA:25,0
DA:26,0
DA:29,0
DA:30,0
DA:32,0
DA:33,0
DA:34,0
DA:36,0
DA:40,0
DA:41,0
DA:45,0
DA:46,0
DA:47,0
LF:15
LH:1
end_of_record
SF:lib/features/user/family/shared_review_provider.dart
DA:21,0
DA:32,0
DA:33,0
DA:34,0
DA:35,0
DA:36,0
DA:37,0
DA:38,0
DA:39,0
DA:40,0
DA:41,0
DA:53,0
DA:61,0
DA:62,0
DA:63,0
DA:64,0
DA:65,0
DA:66,0
DA:67,0
DA:84,0
DA:97,0
DA:98,0
DA:99,0
DA:100,0
DA:101,0
DA:102,0
DA:103,0
DA:104,0
DA:105,0
DA:106,0
DA:107,0
DA:108,0
DA:109,0
DA:110,0
DA:112,0
DA:113,0
DA:127,1
DA:135,0
DA:144,0
DA:145,0
DA:146,0
DA:147,0
DA:148,0
DA:149,0
DA:157,0
DA:161,0
DA:162,0
DA:164,0
DA:165,0
DA:166,0
DA:167,0
DA:168,0
DA:170,0
DA:171,0
DA:172,0
DA:174,0
DA:178,0
DA:179,0
DA:181,0
DA:182,0
DA:183,0
DA:185,0
DA:187,0
DA:190,0
DA:194,0
DA:200,0
DA:202,0
DA:203,0
DA:204,0
DA:205,0
DA:208,0
DA:209,0
DA:211,0
DA:215,0
DA:216,0
DA:222,0
DA:223,0
DA:224,0
LF:78
LH:1
end_of_record
SF:lib/features/ai/games/mini_games_screen.dart
DA:20,1
DA:22,1
DA:24,1
DA:25,2
DA:26,1
DA:27,1
DA:28,1
DA:32,1
DA:34,1
DA:35,1
DA:42,1
DA:44,1
DA:46,1
DA:47,1
DA:49,3
DA:51,1
DA:52,1
DA:57,1
DA:58,1
DA:63,0
DA:65,1
DA:70,0
DA:72,1
DA:77,0
DA:80,1
DA:83,1
DA:86,0
DA:106,1
DA:115,1
DA:117,1
DA:118,1
DA:120,1
DA:121,2
DA:122,1
DA:124,1
DA:126,1
DA:128,4
DA:129,1
DA:130,1
DA:131,1
DA:133,2
DA:137,1
DA:139,1
DA:141,1
DA:142,1
DA:143,1
DA:144,3
DA:146,1
DA:150,1
DA:151,1
DA:152,3
DA:153,1
DA:155,3
LF:53
LH:49
end_of_record
SF:lib/main.dart
DA:32,0
DA:33,0
DA:34,0
DA:39,0
DA:40,0
DA:41,0
DA:43,0
DA:45,0
DA:46,0
DA:47,0
DA:53,0
DA:54,0
DA:55,0
DA:56,0
DA:57,0
DA:58,0
DA:59,0
DA:61,0
DA:63,0
DA:65,0
DA:66,0
DA:67,0
DA:74,0
DA:76,0
DA:78,0
DA:83,0
DA:85,0
DA:92,1
DA:94,1
DA:95,1
DA:107,1
DA:109,1
DA:110,2
DA:111,1
DA:113,5
DA:114,1
DA:115,0
DA:120,1
DA:122,2
DA:123,2
DA:124,1
DA:127,1
DA:129,2
DA:130,3
DA:131,1
DA:132,0
DA:133,0
DA:134,0
DA:135,0
DA:136,0
DA:137,0
DA:138,0
DA:139,0
DA:141,0
DA:142,0
DA:143,0
DA:144,0
DA:145,0
DA:147,0
DA:153,1
DA:155,0
DA:159,4
DA:161,0
DA:165,0
DA:167,0
DA:169,0
DA:170,0
DA:171,0
DA:172,0
DA:177,0
DA:178,0
DA:179,0
DA:182,0
DA:183,0
DA:184,0
DA:185,0
DA:188,0
DA:189,0
DA:194,0
DA:195,0
DA:199,0
DA:203,1
DA:205,1
DA:206,1
DA:208,1
DA:209,1
DA:210,2
DA:211,4
DA:216,3
DA:217,3
DA:218,3
DA:219,3
DA:220,1
DA:221,4
DA:224,3
DA:225,1
DA:226,0
DA:227,0
DA:230,3
DA:231,1
DA:232,0
DA:233,0
DA:234,0
DA:235,0
DA:236,0
DA:237,0
DA:240,1
DA:241,1
DA:244,1
DA:246,0
DA:247,0
DA:248,0
DA:252,1
DA:255,1
DA:267,1
DA:268,1
DA:270,1
DA:274,1
DA:275,1
LF:119
LH:46
end_of_record
SF:lib/shared/ui/widgets/app_splash_screen.dart
DA:18,1
DA:24,1
DA:25,1
DA:38,1
DA:40,1
DA:43,2
DA:47,2
DA:48,1
DA:53,2
DA:57,3
DA:58,2
DA:61,2
DA:62,2
DA:65,2
DA:68,2
DA:69,3
DA:70,1
DA:73,1
DA:74,1
DA:75,1
DA:78,1
DA:79,1
DA:80,1
DA:83,1
DA:84,3
DA:85,3
DA:89,1
DA:91,2
DA:92,2
DA:93,1
DA:96,1
DA:101,1
DA:103,1
DA:104,1
DA:105,1
DA:106,1
DA:108,1
DA:110,1
DA:111,1
DA:112,1
DA:115,1
DA:116,1
DA:118,2
DA:163,1
DA:166,1
DA:168,1
DA:169,1
LF:47
LH:47
end_of_record
